Using pre-set license
Built from '2020.3/staging' branch; Version is '2020.3.19f1 (68f137dc9bbe) revision 6877495'; Using compiler version '192528614'; Build Type 'Release'
OS: 'Windows 10 Home Single Language; OS build 19044.2364; Version 2009; 64bit' Language: 'tr' Physical Memory: 16109 MB
BatchMode: 1, IsHumanControllingUs: 0, StartBugReporterOnCrash: 0, Is64bit: 1, IsPro: 0

COMMAND LINE ARGUMENTS:
C:\Program Files\Unity\Hub\Editor\2020.3.19f1\Editor\Unity.exe
-adb2
-batchMode
-noUpm
-name
AssetImportWorker0
-projectPath
C:/Users/EXCALIBUR/Desktop/DigiageHyperCasual
-logFile
Logs/AssetImportWorker0.log
-srvPort
51793
Successfully changed project path to: C:/Users/EXCALIBUR/Desktop/DigiageHyperCasual
C:/Users/EXCALIBUR/Desktop/DigiageHyperCasual
Using Asset Import Pipeline V2.
Refreshing native plugins compatible for Editor in 35.39 ms, found 2 plugins.
Preloading 0 native plugins for Editor in 0.00 ms.
Initialize engine version: 2020.3.19f1 (68f137dc9bbe)
[Subsystems] Discovering subsystems at path C:/Program Files/Unity/Hub/Editor/2020.3.19f1/Editor/Data/Resources/UnitySubsystems
[Subsystems] Discovering subsystems at path C:/Users/EXCALIBUR/Desktop/DigiageHyperCasual/Assets
GfxDevice: creating device client; threaded=0
Direct3D:
    Version:  Direct3D 11.0 [level 11.1]
    Renderer: NVIDIA GeForce RTX 3060 Laptop GPU (ID=0x2520)
    Vendor:   
    VRAM:     6023 MB
    Driver:   31.0.15.1740
Initialize mono
Mono path[0] = 'C:/Program Files/Unity/Hub/Editor/2020.3.19f1/Editor/Data/Managed'
Mono path[1] = 'C:/Program Files/Unity/Hub/Editor/2020.3.19f1/Editor/Data/MonoBleedingEdge/lib/mono/unityjit'
Mono config path = 'C:/Program Files/Unity/Hub/Editor/2020.3.19f1/Editor/Data/MonoBleedingEdge/etc'
Using monoOptions --debugger-agent=transport=dt_socket,embedding=1,server=y,suspend=n,address=127.0.0.1:56800
Begin MonoManager ReloadAssembly
Registering precompiled unity dll's ...
Register platform support module: C:/Program Files/Unity/Hub/Editor/2020.3.19f1/Editor/Data/PlaybackEngines/WindowsStandaloneSupport/UnityEditor.WindowsStandalone.Extensions.dll
Registered in 0.001328 seconds.
Native extension for WindowsStandalone target not found
Refreshing native plugins compatible for Editor in 38.16 ms, found 2 plugins.
Preloading 0 native plugins for Editor in 0.00 ms.
Mono: successfully reloaded assembly
- Completed reload, in  1.287 seconds
Domain Reload Profiling:
	ReloadAssembly (1288ms)
		BeginReloadAssembly (35ms)
			ExecutionOrderSort (0ms)
			DisableScriptedObjects (0ms)
			BackupInstance (0ms)
			ReleaseScriptingObjects (0ms)
			CreateAndSetChildDomain (1ms)
		EndReloadAssembly (285ms)
			LoadAssemblies (33ms)
			RebuildTransferFunctionScriptingTraits (0ms)
			SetupTypeCache (98ms)
			ReleaseScriptCaches (0ms)
			RebuildScriptCaches (19ms)
			SetupLoadedEditorAssemblies (121ms)
				LogAssemblyErrors (0ms)
				InitializePlatformSupportModulesInManaged (3ms)
				SetLoadedEditorAssemblies (0ms)
				RefreshPlugins (38ms)
				BeforeProcessingInitializeOnLoad (11ms)
				ProcessInitializeOnLoadAttributes (51ms)
				ProcessInitializeOnLoadMethodAttributes (18ms)
				AfterProcessingInitializeOnLoad (0ms)
				EditorAssembliesLoaded (0ms)
			ExecutionOrderSort2 (0ms)
			AwakeInstancesAfterBackupRestoration (0ms)
Platform modules already initialized, skipping
Registering precompiled user dll's ...
Registered in 0.002420 seconds.
Begin MonoManager ReloadAssembly
Native extension for WindowsStandalone target not found
Refreshing native plugins compatible for Editor in 42.08 ms, found 2 plugins.
Preloading 0 native plugins for Editor in 0.00 ms.
Mono: successfully reloaded assembly
- Completed reload, in  0.816 seconds
Domain Reload Profiling:
	ReloadAssembly (817ms)
		BeginReloadAssembly (94ms)
			ExecutionOrderSort (0ms)
			DisableScriptedObjects (3ms)
			BackupInstance (0ms)
			ReleaseScriptingObjects (0ms)
			CreateAndSetChildDomain (13ms)
		EndReloadAssembly (680ms)
			LoadAssemblies (58ms)
			RebuildTransferFunctionScriptingTraits (0ms)
			SetupTypeCache (195ms)
			ReleaseScriptCaches (1ms)
			RebuildScriptCaches (37ms)
			SetupLoadedEditorAssemblies (301ms)
				LogAssemblyErrors (0ms)
				InitializePlatformSupportModulesInManaged (3ms)
				SetLoadedEditorAssemblies (0ms)
				RefreshPlugins (42ms)
				BeforeProcessingInitializeOnLoad (74ms)
				ProcessInitializeOnLoadAttributes (171ms)
				ProcessInitializeOnLoadMethodAttributes (4ms)
				AfterProcessingInitializeOnLoad (6ms)
				EditorAssembliesLoaded (0ms)
			ExecutionOrderSort2 (0ms)
			AwakeInstancesAfterBackupRestoration (5ms)
Platform modules already initialized, skipping
========================================================================
Worker process is ready to serve import requests
Launched and connected shader compiler UnityShaderCompiler.exe after 0.02 seconds
Refreshing native plugins compatible for Editor in 0.47 ms, found 2 plugins.
Preloading 0 native plugins for Editor in 0.00 ms.
Unloading 2915 Unused Serialized files (Serialized files now loaded: 0)
System memory in use before: 131.7 MB.
System memory in use after: 131.9 MB.

Unloading 18 unused Assets to reduce memory usage. Loaded Objects now: 3351.
Total: 2.514400 ms (FindLiveObjects: 0.190100 ms CreateObjectMapping: 0.058000 ms MarkObjects: 2.183200 ms  DeleteObjects: 0.082400 ms)

AssetImportParameters requested are different than current active one (requested -> active):
  custom:framework-win-MediaFoundation: 216162199b28c13a410421893ffa2e32 -> 
  custom:video-decoder-ogg-theora: a1e56fd34408186e4bbccfd4996cb3dc -> 
  custom:container-muxer-webm: aa71ff27fc2769a1b78a27578f13a17b -> 
  custom:container-demuxer-webm: 4f35f7cbe854078d1ac9338744f61a02 -> 
  custom:container-demuxer-ogg: 62fdf1f143b41e24485cea50d1cbac27 -> 
  custom:video-encoder-webm-vp8: eb34c28f22e8b96e1ab97ce403110664 -> 
  custom:video-decoder-webm-vp8: 9c59270c3fd7afecdb556c50c9e8de78 -> 
  custom:audio-decoder-ogg-vorbis: bf7c407c2cedff20999df2af8eb42d56 -> 
  custom:audio-encoder-webm-vorbis: bf7c407c2cedff20999df2af8eb42d56 -> 
========================================================================
Received Import Request.
  path: Assets
  artifactKey: Guid(00000000000000001000000000000000) Importer(815301076,1909f56bfc062723c751e8b465ee728b)
Start importing Assets using Guid(00000000000000001000000000000000) Importer(815301076,1909f56bfc062723c751e8b465ee728b)  -> (artifact id: '42d402b061de3733987d63b9cc3b64de') in 0.008633 seconds 
  Import took 0.012613 seconds .

========================================================================
Received Prepare
Registering precompiled user dll's ...
Registered in 0.002390 seconds.
Begin MonoManager ReloadAssembly
Native extension for WindowsStandalone target not found
Refreshing native plugins compatible for Editor in 0.45 ms, found 2 plugins.
Preloading 0 native plugins for Editor in 0.00 ms.
Mono: successfully reloaded assembly
- Completed reload, in  0.745 seconds
Domain Reload Profiling:
	ReloadAssembly (745ms)
		BeginReloadAssembly (92ms)
			ExecutionOrderSort (0ms)
			DisableScriptedObjects (3ms)
			BackupInstance (0ms)
			ReleaseScriptingObjects (0ms)
			CreateAndSetChildDomain (27ms)
		EndReloadAssembly (603ms)
			LoadAssemblies (66ms)
			RebuildTransferFunctionScriptingTraits (0ms)
			SetupTypeCache (203ms)
			ReleaseScriptCaches (1ms)
			RebuildScriptCaches (32ms)
			SetupLoadedEditorAssemblies (228ms)
				LogAssemblyErrors (0ms)
				InitializePlatformSupportModulesInManaged (3ms)
				SetLoadedEditorAssemblies (0ms)
				RefreshPlugins (0ms)
				BeforeProcessingInitializeOnLoad (67ms)
				ProcessInitializeOnLoadAttributes (150ms)
				ProcessInitializeOnLoadMethodAttributes (3ms)
				AfterProcessingInitializeOnLoad (4ms)
				EditorAssembliesLoaded (0ms)
			ExecutionOrderSort2 (0ms)
			AwakeInstancesAfterBackupRestoration (7ms)
Platform modules already initialized, skipping
Refreshing native plugins compatible for Editor in 0.47 ms, found 2 plugins.
Preloading 0 native plugins for Editor in 0.00 ms.
Unloading 2791 Unused Serialized files (Serialized files now loaded: 0)
System memory in use before: 123.2 MB.
System memory in use after: 123.4 MB.

Unloading 13 unused Assets to reduce memory usage. Loaded Objects now: 3354.
Total: 2.516400 ms (FindLiveObjects: 0.213600 ms CreateObjectMapping: 0.059500 ms MarkObjects: 2.221700 ms  DeleteObjects: 0.020900 ms)

AssetImportParameters requested are different than current active one (requested -> active):
  custom:framework-win-MediaFoundation: 216162199b28c13a410421893ffa2e32 -> 
  custom:video-decoder-ogg-theora: a1e56fd34408186e4bbccfd4996cb3dc -> 
  custom:container-muxer-webm: aa71ff27fc2769a1b78a27578f13a17b -> 
  custom:container-demuxer-webm: 4f35f7cbe854078d1ac9338744f61a02 -> 
  custom:container-demuxer-ogg: 62fdf1f143b41e24485cea50d1cbac27 -> 
  custom:video-encoder-webm-vp8: eb34c28f22e8b96e1ab97ce403110664 -> 
  custom:video-decoder-webm-vp8: 9c59270c3fd7afecdb556c50c9e8de78 -> 
  custom:audio-decoder-ogg-vorbis: bf7c407c2cedff20999df2af8eb42d56 -> 
  custom:audio-encoder-webm-vorbis: bf7c407c2cedff20999df2af8eb42d56 -> 
========================================================================
Received Import Request.
  Time since last request: 1240.992715 seconds.
  path: Assets/runner asetler
  artifactKey: Guid(70b9556890905b942900ceebbde95785) Importer(815301076,1909f56bfc062723c751e8b465ee728b)
Start importing Assets/runner asetler using Guid(70b9556890905b942900ceebbde95785) Importer(815301076,1909f56bfc062723c751e8b465ee728b)  -> (artifact id: 'aaba4c67e2bcc39bb9cbc5e472f46a13') in 0.012295 seconds 
  Import took 0.017975 seconds .

========================================================================
Received Prepare
Registering precompiled user dll's ...
Registered in 0.002174 seconds.
Begin MonoManager ReloadAssembly
Native extension for WindowsStandalone target not found
Refreshing native plugins compatible for Editor in 0.46 ms, found 2 plugins.
Preloading 0 native plugins for Editor in 0.00 ms.
Mono: successfully reloaded assembly
- Completed reload, in  0.751 seconds
Domain Reload Profiling:
	ReloadAssembly (751ms)
		BeginReloadAssembly (90ms)
			ExecutionOrderSort (0ms)
			DisableScriptedObjects (3ms)
			BackupInstance (0ms)
			ReleaseScriptingObjects (0ms)
			CreateAndSetChildDomain (30ms)
		EndReloadAssembly (617ms)
			LoadAssemblies (63ms)
			RebuildTransferFunctionScriptingTraits (0ms)
			SetupTypeCache (219ms)
			ReleaseScriptCaches (1ms)
			RebuildScriptCaches (32ms)
			SetupLoadedEditorAssemblies (224ms)
				LogAssemblyErrors (0ms)
				InitializePlatformSupportModulesInManaged (3ms)
				SetLoadedEditorAssemblies (0ms)
				RefreshPlugins (0ms)
				BeforeProcessingInitializeOnLoad (60ms)
				ProcessInitializeOnLoadAttributes (153ms)
				ProcessInitializeOnLoadMethodAttributes (3ms)
				AfterProcessingInitializeOnLoad (4ms)
				EditorAssembliesLoaded (0ms)
			ExecutionOrderSort2 (0ms)
			AwakeInstancesAfterBackupRestoration (6ms)
Platform modules already initialized, skipping
Refreshing native plugins compatible for Editor in 0.53 ms, found 2 plugins.
Preloading 0 native plugins for Editor in 0.00 ms.
Unloading 2791 Unused Serialized files (Serialized files now loaded: 0)
System memory in use before: 123.2 MB.
System memory in use after: 123.5 MB.

Unloading 13 unused Assets to reduce memory usage. Loaded Objects now: 3356.
Total: 2.507600 ms (FindLiveObjects: 0.186500 ms CreateObjectMapping: 0.064700 ms MarkObjects: 2.235900 ms  DeleteObjects: 0.019900 ms)

AssetImportParameters requested are different than current active one (requested -> active):
  custom:framework-win-MediaFoundation: 216162199b28c13a410421893ffa2e32 -> 
  custom:video-decoder-ogg-theora: a1e56fd34408186e4bbccfd4996cb3dc -> 
  custom:container-muxer-webm: aa71ff27fc2769a1b78a27578f13a17b -> 
  custom:container-demuxer-webm: 4f35f7cbe854078d1ac9338744f61a02 -> 
  custom:container-demuxer-ogg: 62fdf1f143b41e24485cea50d1cbac27 -> 
  custom:video-encoder-webm-vp8: eb34c28f22e8b96e1ab97ce403110664 -> 
  custom:video-decoder-webm-vp8: 9c59270c3fd7afecdb556c50c9e8de78 -> 
  custom:audio-decoder-ogg-vorbis: bf7c407c2cedff20999df2af8eb42d56 -> 
  custom:audio-encoder-webm-vorbis: bf7c407c2cedff20999df2af8eb42d56 -> 
========================================================================
Received Import Request.
  Time since last request: 9.934212 seconds.
  path: Assets/müziler
  artifactKey: Guid(1c326a51c36d8a44d9d47ec22760a7ea) Importer(815301076,1909f56bfc062723c751e8b465ee728b)
Start importing Assets/müziler using Guid(1c326a51c36d8a44d9d47ec22760a7ea) Importer(815301076,1909f56bfc062723c751e8b465ee728b)  -> (artifact id: '38edaadffe3c10c3e13c553342b94b77') in 0.008827 seconds 
  Import took 0.013485 seconds .

========================================================================
Received Import Request.
  Time since last request: 1.787154 seconds.
  path: Assets/FatMachines
  artifactKey: Guid(cc9556fbd0004a54ca65862eb7cc051c) Importer(815301076,1909f56bfc062723c751e8b465ee728b)
Start importing Assets/FatMachines using Guid(cc9556fbd0004a54ca65862eb7cc051c) Importer(815301076,1909f56bfc062723c751e8b465ee728b)  -> (artifact id: '7162ca5ec8541034be92efb984d1a599') in 0.002401 seconds 
  Import took 0.006639 seconds .

========================================================================
Received Import Request.
  Time since last request: 5.518708 seconds.
  path: Assets/runner asetler/Animations
  artifactKey: Guid(add49edb18daef545b947823ca935ac0) Importer(815301076,1909f56bfc062723c751e8b465ee728b)
Start importing Assets/runner asetler/Animations using Guid(add49edb18daef545b947823ca935ac0) Importer(815301076,1909f56bfc062723c751e8b465ee728b)  -> (artifact id: '824003bdbb5628140cecc4a4d01d3acf') in 0.005805 seconds 
  Import took 0.010530 seconds .

========================================================================
Received Import Request.
  Time since last request: 7.199724 seconds.
  path: Assets/runner asetler/anim
  artifactKey: Guid(add49edb18daef545b947823ca935ac0) Importer(815301076,1909f56bfc062723c751e8b465ee728b)
Start importing Assets/runner asetler/anim using Guid(add49edb18daef545b947823ca935ac0) Importer(815301076,1909f56bfc062723c751e8b465ee728b)  -> (artifact id: '2c4fb34f51031634ff602c3541702a31') in 0.005235 seconds 
  Import took 0.009501 seconds .

========================================================================
Received Import Request.
  Time since last request: 0.429576 seconds.
  path: Assets/runner asetler/Fonts
  artifactKey: Guid(39064133366153b4fbb82bd67647c813) Importer(815301076,1909f56bfc062723c751e8b465ee728b)
Start importing Assets/runner asetler/Fonts using Guid(39064133366153b4fbb82bd67647c813) Importer(815301076,1909f56bfc062723c751e8b465ee728b)  -> (artifact id: '1f01a11ac8adc288319db358c6954a16') in 0.005194 seconds 
  Import took 0.009798 seconds .

========================================================================
Received Import Request.
  Time since last request: 0.000217 seconds.
  path: Assets/runner asetler/Fonts/Milky Coffee.ttf
  artifactKey: Guid(915601b09c0412a4e93c5ff74d08bbc9) Importer(815301076,1909f56bfc062723c751e8b465ee728b)
Start importing Assets/runner asetler/Fonts/Milky Coffee.ttf using Guid(915601b09c0412a4e93c5ff74d08bbc9) Importer(815301076,1909f56bfc062723c751e8b465ee728b)  -> (artifact id: '1eb52ce64914d42e018a61c478c1b982') in 0.174500 seconds 
  Import took 0.179162 seconds .

========================================================================
Received Import Request.
  Time since last request: 0.000189 seconds.
  path: Assets/runner asetler/Fonts/Milky Coffee SDF.asset
  artifactKey: Guid(9cb52bb5df7036b459147872894c6632) Importer(815301076,1909f56bfc062723c751e8b465ee728b)
Start importing Assets/runner asetler/Fonts/Milky Coffee SDF.asset using Guid(9cb52bb5df7036b459147872894c6632) Importer(815301076,1909f56bfc062723c751e8b465ee728b)  -> (artifact id: '0ddda822fc977b632179398754618227') in 0.040837 seconds 
  Import took 0.045011 seconds .

========================================================================
Received Import Request.
  Time since last request: 10.710198 seconds.
  path: Assets/runner asetler/Levels
  artifactKey: Guid(3c0c1bcd8a392d8429ffe02887d5e7bb) Importer(815301076,1909f56bfc062723c751e8b465ee728b)
Start importing Assets/runner asetler/Levels using Guid(3c0c1bcd8a392d8429ffe02887d5e7bb) Importer(815301076,1909f56bfc062723c751e8b465ee728b)  -> (artifact id: 'f9070fbe10981cbe8aa9c18b30f24aac') in 0.006140 seconds 
  Import took 0.011952 seconds .

========================================================================
Received Import Request.
  Time since last request: 9.277936 seconds.
  path: Assets/runner asetler/sahneler
  artifactKey: Guid(3c0c1bcd8a392d8429ffe02887d5e7bb) Importer(815301076,1909f56bfc062723c751e8b465ee728b)
Start importing Assets/runner asetler/sahneler using Guid(3c0c1bcd8a392d8429ffe02887d5e7bb) Importer(815301076,1909f56bfc062723c751e8b465ee728b)  -> (artifact id: '9df77dd867e0dcd72f986cc3ce319904') in 0.005250 seconds 
  Import took 0.009190 seconds .

========================================================================
Received Import Request.
  Time since last request: 2.730792 seconds.
  path: Assets/runner asetler/Models
  artifactKey: Guid(5b611f15fd4e5654dbd3a70de3ad2c09) Importer(815301076,1909f56bfc062723c751e8b465ee728b)
Start importing Assets/runner asetler/Models using Guid(5b611f15fd4e5654dbd3a70de3ad2c09) Importer(815301076,1909f56bfc062723c751e8b465ee728b)  -> (artifact id: 'cb90d0d0ba1c61849732d4907c2d7419') in 0.005573 seconds 
  Import took 0.010461 seconds .

========================================================================
Received Import Request.
  Time since last request: 0.071428 seconds.
  path: Assets/runner asetler/Models/Hyper-casual Charcter.fbx
  artifactKey: Guid(ac6414bf42512874ebd7a71dee4ac25b) Importer(815301076,1909f56bfc062723c751e8b465ee728b)
Start importing Assets/runner asetler/Models/Hyper-casual Charcter.fbx using Guid(ac6414bf42512874ebd7a71dee4ac25b) Importer(815301076,1909f56bfc062723c751e8b465ee728b)  -> (artifact id: 'e25f4f66812fb802c6c729677bb11e4b') in 0.194972 seconds 
  Import took 0.199786 seconds .

========================================================================
Received Import Request.
  Time since last request: 17.637332 seconds.
  path: Assets/runner asetler/Prefabs
  artifactKey: Guid(88a51113e2d9ef4468815b14e1f83006) Importer(815301076,1909f56bfc062723c751e8b465ee728b)
Start importing Assets/runner asetler/Prefabs using Guid(88a51113e2d9ef4468815b14e1f83006) Importer(815301076,1909f56bfc062723c751e8b465ee728b)  -> (artifact id: '5949e6c40c6c71e9750498eae47d9889') in 0.005807 seconds 
  Import took 0.010635 seconds .

========================================================================
Received Import Request.
  Time since last request: 0.114169 seconds.
  path: Assets/runner asetler/Prefabs/Coin .prefab
  artifactKey: Guid(4f7f688e4b8fd4649892c6ee06e8afff) Importer(815301076,1909f56bfc062723c751e8b465ee728b)
Start importing Assets/runner asetler/Prefabs/Coin .prefab using Guid(4f7f688e4b8fd4649892c6ee06e8afff) Importer(815301076,1909f56bfc062723c751e8b465ee728b)  -> (artifact id: 'b43a9b178bb838c989f05c68994ec0ba') in 0.012539 seconds 
  Import took 0.017279 seconds .

========================================================================
Received Import Request.
  Time since last request: 0.000305 seconds.
  path: Assets/runner asetler/Prefabs/Enemy Group.prefab
  artifactKey: Guid(d66fa8c8aa1d1014a8bc47c80c2d3859) Importer(815301076,1909f56bfc062723c751e8b465ee728b)
Start importing Assets/runner asetler/Prefabs/Enemy Group.prefab using Guid(d66fa8c8aa1d1014a8bc47c80c2d3859) Importer(815301076,1909f56bfc062723c751e8b465ee728b)  -> (artifact id: '92f0518d0550f37ec0e56a2012b49f87') in 0.033804 seconds 
  Import took 0.038161 seconds .

========================================================================
Received Import Request.
  Time since last request: 0.000353 seconds.
  path: Assets/runner asetler/Prefabs/Doors.prefab
  artifactKey: Guid(f3b4b9caede0de4428d415ac13569f10) Importer(815301076,1909f56bfc062723c751e8b465ee728b)
Start importing Assets/runner asetler/Prefabs/Doors.prefab using Guid(f3b4b9caede0de4428d415ac13569f10) Importer(815301076,1909f56bfc062723c751e8b465ee728b)  -> (artifact id: 'b38ef48c1cdf65998dedfd952e7c60ae') in 0.029512 seconds 
  Import took 0.033747 seconds .

========================================================================
Received Import Request.
  Time since last request: 0.000204 seconds.
  path: Assets/runner asetler/Prefabs/Runner.prefab
  artifactKey: Guid(f71a674c55152e04cae9a28ea6c09a25) Importer(815301076,1909f56bfc062723c751e8b465ee728b)
Start importing Assets/runner asetler/Prefabs/Runner.prefab using Guid(f71a674c55152e04cae9a28ea6c09a25) Importer(815301076,1909f56bfc062723c751e8b465ee728b)  -> (artifact id: '58aa1d6226f80667a78fc3a530c077df') in 0.037458 seconds 
  Import took 0.041519 seconds .

========================================================================
Received Import Request.
  Time since last request: 0.000181 seconds.
  path: Assets/runner asetler/Prefabs/Enemy.prefab
  artifactKey: Guid(de05c284f12a2c544b0876ee98017119) Importer(815301076,1909f56bfc062723c751e8b465ee728b)
Start importing Assets/runner asetler/Prefabs/Enemy.prefab using Guid(de05c284f12a2c544b0876ee98017119) Importer(815301076,1909f56bfc062723c751e8b465ee728b)  -> (artifact id: '06048f6c857262fa350d4165a2d383a2') in 0.029697 seconds 
  Import took 0.034236 seconds .

========================================================================
Received Import Request.
  Time since last request: 7.688452 seconds.
  path: Assets/runner asetler/Prefabs/Chunks
  artifactKey: Guid(c50e957161aad11409fba9da49d085ad) Importer(815301076,1909f56bfc062723c751e8b465ee728b)
Start importing Assets/runner asetler/Prefabs/Chunks using Guid(c50e957161aad11409fba9da49d085ad) Importer(815301076,1909f56bfc062723c751e8b465ee728b)  -> (artifact id: '9303854a3876c59154aca556604e5ad6') in 0.006105 seconds 
  Import took 0.010445 seconds .

========================================================================
Received Import Request.
  Time since last request: 0.926381 seconds.
  path: Assets/runner asetler/Prefabs/Chunks/Finish Chunk.prefab
  artifactKey: Guid(0b16377c60f1dd849ad505d9f0191ae5) Importer(815301076,1909f56bfc062723c751e8b465ee728b)
Start importing Assets/runner asetler/Prefabs/Chunks/Finish Chunk.prefab using Guid(0b16377c60f1dd849ad505d9f0191ae5) Importer(815301076,1909f56bfc062723c751e8b465ee728b)  -> (artifact id: '54bac2599908b53107dc635132c4889c') in 0.016812 seconds 
  Import took 0.021092 seconds .

========================================================================
Received Import Request.
  Time since last request: 0.000244 seconds.
  path: Assets/runner asetler/Prefabs/Chunks/Long Chunk 00.prefab
  artifactKey: Guid(2046685ef145ef746b075d6bed675e6c) Importer(815301076,1909f56bfc062723c751e8b465ee728b)
Start importing Assets/runner asetler/Prefabs/Chunks/Long Chunk 00.prefab using Guid(2046685ef145ef746b075d6bed675e6c) Importer(815301076,1909f56bfc062723c751e8b465ee728b)  -> (artifact id: '272073ecc909e4588c60c0799b5ef985') in 0.023887 seconds 
  Import took 0.028448 seconds .

========================================================================
Received Import Request.
  Time since last request: 0.000236 seconds.
  path: Assets/runner asetler/Prefabs/Chunks/Long Chunk 15 Enemies.prefab
  artifactKey: Guid(f1d58fe9a47ce6e46829eeb7d4d1ab07) Importer(815301076,1909f56bfc062723c751e8b465ee728b)
Start importing Assets/runner asetler/Prefabs/Chunks/Long Chunk 15 Enemies.prefab using Guid(f1d58fe9a47ce6e46829eeb7d4d1ab07) Importer(815301076,1909f56bfc062723c751e8b465ee728b)  -> (artifact id: '26c17d0937dac1a8e347a182f2577bd0') in 0.029249 seconds 
  Import took 0.033675 seconds .

========================================================================
Received Import Request.
  Time since last request: 0.000339 seconds.
  path: Assets/runner asetler/Prefabs/Chunks/Short Chunk.prefab
  artifactKey: Guid(f8c039bfce4f65d449d60ae834cdb973) Importer(815301076,1909f56bfc062723c751e8b465ee728b)
Start importing Assets/runner asetler/Prefabs/Chunks/Short Chunk.prefab using Guid(f8c039bfce4f65d449d60ae834cdb973) Importer(815301076,1909f56bfc062723c751e8b465ee728b)  -> (artifact id: 'eb95577f85e4c63a72b2e958e257506b') in 0.013861 seconds 
  Import took 0.018529 seconds .

========================================================================
Received Import Request.
  Time since last request: 0.000677 seconds.
  path: Assets/runner asetler/Prefabs/Chunks/Medium Chunk Enemies 10.prefab
  artifactKey: Guid(35e7ab44d50cd974284929225c03a119) Importer(815301076,1909f56bfc062723c751e8b465ee728b)
Start importing Assets/runner asetler/Prefabs/Chunks/Medium Chunk Enemies 10.prefab using Guid(35e7ab44d50cd974284929225c03a119) Importer(815301076,1909f56bfc062723c751e8b465ee728b)  -> (artifact id: '5b54261125411363c2db4d76ff7ba023') in 0.025615 seconds 
  Import took 0.030242 seconds .

========================================================================
Received Import Request.
  Time since last request: 0.000187 seconds.
  path: Assets/runner asetler/Prefabs/Chunks/Short Chunk 01.prefab
  artifactKey: Guid(ae4eb9bd6b3f6d44bbaf68463bcd5f21) Importer(815301076,1909f56bfc062723c751e8b465ee728b)
Start importing Assets/runner asetler/Prefabs/Chunks/Short Chunk 01.prefab using Guid(ae4eb9bd6b3f6d44bbaf68463bcd5f21) Importer(815301076,1909f56bfc062723c751e8b465ee728b)  -> (artifact id: 'c255f18d6b120f915a459e48988dc9aa') in 0.024939 seconds 
  Import took 0.029586 seconds .

========================================================================
Received Import Request.
  Time since last request: 0.000142 seconds.
  path: Assets/runner asetler/Prefabs/Chunks/Medium Chunk 00.prefab
  artifactKey: Guid(7269a8e16e8bfc04199920e148ce08ca) Importer(815301076,1909f56bfc062723c751e8b465ee728b)
Start importing Assets/runner asetler/Prefabs/Chunks/Medium Chunk 00.prefab using Guid(7269a8e16e8bfc04199920e148ce08ca) Importer(815301076,1909f56bfc062723c751e8b465ee728b)  -> (artifact id: '539586274cf31ac58bdadf3550dedfe7') in 0.031899 seconds 
  Import took 0.036831 seconds .

========================================================================
Received Import Request.
  Time since last request: 0.000164 seconds.
  path: Assets/runner asetler/Prefabs/Chunks/Medium Chunk.prefab
  artifactKey: Guid(d38de101dba64dc449a8a0fb8fd2df16) Importer(815301076,1909f56bfc062723c751e8b465ee728b)
Start importing Assets/runner asetler/Prefabs/Chunks/Medium Chunk.prefab using Guid(d38de101dba64dc449a8a0fb8fd2df16) Importer(815301076,1909f56bfc062723c751e8b465ee728b)  -> (artifact id: 'be49e5a6d0742018beaa5ca880d5b093') in 0.080432 seconds 
  Import took 0.086809 seconds .

========================================================================
Received Import Request.
  Time since last request: 0.000192 seconds.
  path: Assets/runner asetler/Prefabs/Chunks/Short Chunk 00.prefab
  artifactKey: Guid(6436b825c0e9a1644887d0dfdc04c62a) Importer(815301076,1909f56bfc062723c751e8b465ee728b)
Start importing Assets/runner asetler/Prefabs/Chunks/Short Chunk 00.prefab using Guid(6436b825c0e9a1644887d0dfdc04c62a) Importer(815301076,1909f56bfc062723c751e8b465ee728b)  -> (artifact id: '87b91bcc4aad6d31b03e7743cf90a86e') in 0.028465 seconds 
  Import took 0.032996 seconds .

========================================================================
Received Import Request.
  Time since last request: 0.000228 seconds.
  path: Assets/runner asetler/Prefabs/Chunks/Long Chunk 10 coins.prefab
  artifactKey: Guid(ff22aae2df4dfc04daa2663548be2e35) Importer(815301076,1909f56bfc062723c751e8b465ee728b)
Start importing Assets/runner asetler/Prefabs/Chunks/Long Chunk 10 coins.prefab using Guid(ff22aae2df4dfc04daa2663548be2e35) Importer(815301076,1909f56bfc062723c751e8b465ee728b)  -> (artifact id: '459d0a82391fba5a3117d5d5f273dba3') in 0.012281 seconds 
  Import took 0.016471 seconds .

========================================================================
Received Import Request.
  Time since last request: 0.000171 seconds.
  path: Assets/runner asetler/Prefabs/Chunks/Long Chunk.prefab
  artifactKey: Guid(842e4db53b36e5a4fa4bd0c6c9eb21dc) Importer(815301076,1909f56bfc062723c751e8b465ee728b)
Start importing Assets/runner asetler/Prefabs/Chunks/Long Chunk.prefab using Guid(842e4db53b36e5a4fa4bd0c6c9eb21dc) Importer(815301076,1909f56bfc062723c751e8b465ee728b)  -> (artifact id: 'a565110aef3373355594e8fc75fe23cf') in 0.010221 seconds 
  Import took 0.014336 seconds .

========================================================================
Received Import Request.
  Time since last request: 0.000452 seconds.
  path: Assets/runner asetler/Prefabs/Chunks/Medium Chunk Enemies 20.prefab
  artifactKey: Guid(c2ebca315bf7847449b44fe5efc74544) Importer(815301076,1909f56bfc062723c751e8b465ee728b)
Start importing Assets/runner asetler/Prefabs/Chunks/Medium Chunk Enemies 20.prefab using Guid(c2ebca315bf7847449b44fe5efc74544) Importer(815301076,1909f56bfc062723c751e8b465ee728b)  -> (artifact id: '30982607e367398df1580898666a8eec') in 0.021750 seconds 
  Import took 0.026215 seconds .

========================================================================
Received Import Request.
  Time since last request: 11.275187 seconds.
  path: Assets/runner asetler/Presets
  artifactKey: Guid(558255460b74ec04fa70b5570e9327bd) Importer(815301076,1909f56bfc062723c751e8b465ee728b)
Start importing Assets/runner asetler/Presets using Guid(558255460b74ec04fa70b5570e9327bd) Importer(815301076,1909f56bfc062723c751e8b465ee728b)  -> (artifact id: 'e1966229f3d7993f283b578bcf544b58') in 0.005666 seconds 
  Import took 0.009673 seconds .

========================================================================
Received Import Request.
  Time since last request: 0.135528 seconds.
  path: Assets/runner asetler/Presets/AudioCompressedInMemory.preset
  artifactKey: Guid(2dd802e4d37c65149922028d3e973832) Importer(815301076,1909f56bfc062723c751e8b465ee728b)
Start importing Assets/runner asetler/Presets/AudioCompressedInMemory.preset using Guid(2dd802e4d37c65149922028d3e973832) Importer(815301076,1909f56bfc062723c751e8b465ee728b)  -> (artifact id: 'ac4de02398cfe62c06251b0f50233ebf') in 0.007319 seconds 
  Import took 0.011415 seconds .

========================================================================
Received Import Request.
  Time since last request: 0.000208 seconds.
  path: Assets/runner asetler/Presets/AudioStreaming.preset
  artifactKey: Guid(86bcce7f5575b54408aa0f3a7d321039) Importer(815301076,1909f56bfc062723c751e8b465ee728b)
Start importing Assets/runner asetler/Presets/AudioStreaming.preset using Guid(86bcce7f5575b54408aa0f3a7d321039) Importer(815301076,1909f56bfc062723c751e8b465ee728b)  -> (artifact id: '9982fbd60bc57b892b2c54d34a0163c0') in 0.005779 seconds 
  Import took 0.009560 seconds .

========================================================================
Received Import Request.
  Time since last request: 0.000206 seconds.
  path: Assets/runner asetler/Presets/NormalTexture.preset
  artifactKey: Guid(14a57cf3b9fa1c74b884aa7e0dcf1faa) Importer(815301076,1909f56bfc062723c751e8b465ee728b)
Start importing Assets/runner asetler/Presets/NormalTexture.preset using Guid(14a57cf3b9fa1c74b884aa7e0dcf1faa) Importer(815301076,1909f56bfc062723c751e8b465ee728b)  -> (artifact id: '9c195482fc53bc4f53f643643f636469') in 0.007311 seconds 
  Import took 0.012013 seconds .

========================================================================
Received Import Request.
  Time since last request: 0.000187 seconds.
  path: Assets/runner asetler/Presets/UtilityTexture.preset
  artifactKey: Guid(45f7b2e3c78185248b3adbb14429c2ab) Importer(815301076,1909f56bfc062723c751e8b465ee728b)
Start importing Assets/runner asetler/Presets/UtilityTexture.preset using Guid(45f7b2e3c78185248b3adbb14429c2ab) Importer(815301076,1909f56bfc062723c751e8b465ee728b)  -> (artifact id: 'ab9c1faeeb59b745cafa0ae79c874a42') in 0.007626 seconds 
  Import took 0.011758 seconds .

========================================================================
Received Import Request.
  Time since last request: 8.161072 seconds.
  path: Assets/runner asetler/sahneler/Level 00.asset
  artifactKey: Guid(6e0b75483b9aa23439de54e5cbcd459a) Importer(815301076,1909f56bfc062723c751e8b465ee728b)
Start importing Assets/runner asetler/sahneler/Level 00.asset using Guid(6e0b75483b9aa23439de54e5cbcd459a) Importer(815301076,1909f56bfc062723c751e8b465ee728b)  -> (artifact id: '9ce9171e9e7f286f824eeb0297f384d4') in 0.051760 seconds 
  Import took 0.058300 seconds .

========================================================================
Received Import Request.
  Time since last request: 0.000172 seconds.
  path: Assets/runner asetler/sahneler/Level 01.asset
  artifactKey: Guid(e52b2fcff898b044d83a55a2f0d40419) Importer(815301076,1909f56bfc062723c751e8b465ee728b)
Start importing Assets/runner asetler/sahneler/Level 01.asset using Guid(e52b2fcff898b044d83a55a2f0d40419) Importer(815301076,1909f56bfc062723c751e8b465ee728b)  -> (artifact id: '9a042461dd7b7e348c9c17c72267834b') in 0.063151 seconds 
  Import took 0.069290 seconds .

========================================================================
Received Import Request.
  Time since last request: 0.000158 seconds.
  path: Assets/runner asetler/sahneler/Level 02.asset
  artifactKey: Guid(26d4043162f37d44e841a5fafe8268e3) Importer(815301076,1909f56bfc062723c751e8b465ee728b)
Start importing Assets/runner asetler/sahneler/Level 02.asset using Guid(26d4043162f37d44e841a5fafe8268e3) Importer(815301076,1909f56bfc062723c751e8b465ee728b)  -> (artifact id: 'dcfe6a7207bdca9e72ec6e0052ed11d8') in 0.050672 seconds 
  Import took 0.057587 seconds .

========================================================================
Received Import Request.
  Time since last request: 11.543146 seconds.
  path: Assets/runner asetler/Scripts
  artifactKey: Guid(50f9fb3a48db38147b08a89816ee3768) Importer(815301076,1909f56bfc062723c751e8b465ee728b)
Start importing Assets/runner asetler/Scripts using Guid(50f9fb3a48db38147b08a89816ee3768) Importer(815301076,1909f56bfc062723c751e8b465ee728b)  -> (artifact id: 'e0fe8db8eeba101af030a4bd94a5648f') in 0.005628 seconds 
  Import took 0.010301 seconds .

========================================================================
Received Import Request.
  Time since last request: 4.329403 seconds.
  path: Assets/runner asetler/scp
  artifactKey: Guid(50f9fb3a48db38147b08a89816ee3768) Importer(815301076,1909f56bfc062723c751e8b465ee728b)
Start importing Assets/runner asetler/scp using Guid(50f9fb3a48db38147b08a89816ee3768) Importer(815301076,1909f56bfc062723c751e8b465ee728b)  -> (artifact id: '2b9b2bdd132a222a23bf2e8fc4fc0f56') in 0.005670 seconds 
  Import took 0.009859 seconds .

========================================================================
Received Prepare
Registering precompiled user dll's ...
Registered in 0.002322 seconds.
Begin MonoManager ReloadAssembly
Native extension for WindowsStandalone target not found
Refreshing native plugins compatible for Editor in 0.46 ms, found 2 plugins.
Preloading 0 native plugins for Editor in 0.00 ms.
Mono: successfully reloaded assembly
- Completed reload, in  0.756 seconds
Domain Reload Profiling:
	ReloadAssembly (756ms)
		BeginReloadAssembly (91ms)
			ExecutionOrderSort (0ms)
			DisableScriptedObjects (4ms)
			BackupInstance (0ms)
			ReleaseScriptingObjects (0ms)
			CreateAndSetChildDomain (31ms)
		EndReloadAssembly (621ms)
			LoadAssemblies (61ms)
			RebuildTransferFunctionScriptingTraits (0ms)
			SetupTypeCache (202ms)
			ReleaseScriptCaches (1ms)
			RebuildScriptCaches (30ms)
			SetupLoadedEditorAssemblies (226ms)
				LogAssemblyErrors (0ms)
				InitializePlatformSupportModulesInManaged (3ms)
				SetLoadedEditorAssemblies (0ms)
				RefreshPlugins (0ms)
				BeforeProcessingInitializeOnLoad (62ms)
				ProcessInitializeOnLoadAttributes (152ms)
				ProcessInitializeOnLoadMethodAttributes (3ms)
				AfterProcessingInitializeOnLoad (4ms)
				EditorAssembliesLoaded (0ms)
			ExecutionOrderSort2 (0ms)
			AwakeInstancesAfterBackupRestoration (13ms)
Platform modules already initialized, skipping
Refreshing native plugins compatible for Editor in 0.47 ms, found 2 plugins.
Preloading 0 native plugins for Editor in 0.00 ms.
Unloading 2791 Unused Serialized files (Serialized files now loaded: 0)
System memory in use before: 142.7 MB.
System memory in use after: 142.9 MB.

Unloading 13 unused Assets to reduce memory usage. Loaded Objects now: 3447.
Total: 2.760900 ms (FindLiveObjects: 0.250900 ms CreateObjectMapping: 0.052800 ms MarkObjects: 2.442300 ms  DeleteObjects: 0.014100 ms)

AssetImportParameters requested are different than current active one (requested -> active):
  custom:framework-win-MediaFoundation: 216162199b28c13a410421893ffa2e32 -> 
  custom:video-decoder-ogg-theora: a1e56fd34408186e4bbccfd4996cb3dc -> 
  custom:container-muxer-webm: aa71ff27fc2769a1b78a27578f13a17b -> 
  custom:container-demuxer-webm: 4f35f7cbe854078d1ac9338744f61a02 -> 
  custom:container-demuxer-ogg: 62fdf1f143b41e24485cea50d1cbac27 -> 
  custom:video-encoder-webm-vp8: eb34c28f22e8b96e1ab97ce403110664 -> 
  custom:video-decoder-webm-vp8: 9c59270c3fd7afecdb556c50c9e8de78 -> 
  custom:audio-decoder-ogg-vorbis: bf7c407c2cedff20999df2af8eb42d56 -> 
  custom:audio-encoder-webm-vorbis: bf7c407c2cedff20999df2af8eb42d56 -> 
========================================================================
Received Import Request.
  Time since last request: 4.241605 seconds.
  path: Assets/runner asetler/Settings/SampleSceneProfile.asset
  artifactKey: Guid(10fc4df2da32a41aaa32d77bc913491c) Importer(815301076,1909f56bfc062723c751e8b465ee728b)
Start importing Assets/runner asetler/Settings/SampleSceneProfile.asset using Guid(10fc4df2da32a41aaa32d77bc913491c) Importer(815301076,1909f56bfc062723c751e8b465ee728b)  -> (artifact id: 'd2b3f476ab718b1cf20d183dd9addfe7') in 0.020511 seconds 
  Import took 0.024654 seconds .

========================================================================
Received Import Request.
  Time since last request: 0.000198 seconds.
  path: Assets/runner asetler/Settings
  artifactKey: Guid(0735c275001a2c84dafdb30deced5d8d) Importer(815301076,1909f56bfc062723c751e8b465ee728b)
Start importing Assets/runner asetler/Settings using Guid(0735c275001a2c84dafdb30deced5d8d) Importer(815301076,1909f56bfc062723c751e8b465ee728b)  -> (artifact id: 'cadd7ca10b5bf32e886eec457cf073a7') in 0.004153 seconds 
  Import took 0.008109 seconds .

========================================================================
Received Import Request.
  Time since last request: 0.000147 seconds.
  path: Assets/runner asetler/Settings/UniversalRP-LowQuality.asset
  artifactKey: Guid(a31e9f9f9c9d4b9429ed0d1234e22103) Importer(815301076,1909f56bfc062723c751e8b465ee728b)
Start importing Assets/runner asetler/Settings/UniversalRP-LowQuality.asset using Guid(a31e9f9f9c9d4b9429ed0d1234e22103) Importer(815301076,1909f56bfc062723c751e8b465ee728b)  -> (artifact id: 'b226a0bb157262eadf686f6bb5b5f1f8') in 0.005822 seconds 
  Import took 0.009921 seconds .

========================================================================
Received Import Request.
  Time since last request: 0.000159 seconds.
  path: Assets/runner asetler/Settings/UniversalRP-MediumQuality.asset
  artifactKey: Guid(d847b876476d3d6468f5dfcd34266f96) Importer(815301076,1909f56bfc062723c751e8b465ee728b)
Start importing Assets/runner asetler/Settings/UniversalRP-MediumQuality.asset using Guid(d847b876476d3d6468f5dfcd34266f96) Importer(815301076,1909f56bfc062723c751e8b465ee728b)  -> (artifact id: '5b5fde58371555fa3bd88745f1a6a4f8') in 0.006120 seconds 
  Import took 0.010053 seconds .

========================================================================
Received Import Request.
  Time since last request: 0.000242 seconds.
  path: Assets/runner asetler/Settings/UniversalRP-HighQuality.asset
  artifactKey: Guid(19ba41d7c0026c3459d37c2fe90c55a0) Importer(815301076,1909f56bfc062723c751e8b465ee728b)
Start importing Assets/runner asetler/Settings/UniversalRP-HighQuality.asset using Guid(19ba41d7c0026c3459d37c2fe90c55a0) Importer(815301076,1909f56bfc062723c751e8b465ee728b)  -> (artifact id: '02e18c1f933b70f494440bf5e7626866') in 0.005576 seconds 
  Import took 0.009874 seconds .

========================================================================
Received Import Request.
  Time since last request: 0.000188 seconds.
  path: Assets/runner asetler/Settings/ForwardRenderer.asset
  artifactKey: Guid(4a8e21d5c33334b11b34a596161b9360) Importer(815301076,1909f56bfc062723c751e8b465ee728b)
Start importing Assets/runner asetler/Settings/ForwardRenderer.asset using Guid(4a8e21d5c33334b11b34a596161b9360) Importer(815301076,1909f56bfc062723c751e8b465ee728b)  -> (artifact id: 'fd4bee02f0291389c3517910503f4b22') in 0.006095 seconds 
  Import took 0.011314 seconds .

========================================================================
Received Import Request.
  Time since last request: 6.464967 seconds.
  path: Assets/runner asetler/scp2
  artifactKey: Guid(0735c275001a2c84dafdb30deced5d8d) Importer(815301076,1909f56bfc062723c751e8b465ee728b)
Start importing Assets/runner asetler/scp2 using Guid(0735c275001a2c84dafdb30deced5d8d) Importer(815301076,1909f56bfc062723c751e8b465ee728b)  -> (artifact id: '58c93448b42113bc9d88e16474a5cca3') in 0.005296 seconds 
  Import took 0.009356 seconds .

========================================================================
Received Import Request.
  Time since last request: 1.628184 seconds.
  path: Assets/runner asetler/Sprites
  artifactKey: Guid(770490537a557174d87860bf16b09184) Importer(815301076,1909f56bfc062723c751e8b465ee728b)
Start importing Assets/runner asetler/Sprites using Guid(770490537a557174d87860bf16b09184) Importer(815301076,1909f56bfc062723c751e8b465ee728b)  -> (artifact id: 'e75295f30243a229bdaebc9584e179d6') in 0.006597 seconds 
  Import took 0.011304 seconds .

========================================================================
Received Import Request.
  Time since last request: 0.000159 seconds.
  path: Assets/runner asetler/Sprites/Options_On.png
  artifactKey: Guid(bdc2fde1ff69f4948aa2e5579454813b) Importer(815301076,1909f56bfc062723c751e8b465ee728b)
Start importing Assets/runner asetler/Sprites/Options_On.png using Guid(bdc2fde1ff69f4948aa2e5579454813b) Importer(815301076,1909f56bfc062723c751e8b465ee728b)  -> (artifact id: 'e8620402ea12fe0af8d60f5015e80ba6') in 0.041701 seconds 
  Import took 0.046096 seconds .

========================================================================
Received Import Request.
  Time since last request: 0.000282 seconds.
  path: Assets/runner asetler/Sprites/Settings Icon.png
  artifactKey: Guid(627b93d54894e0349999ffedbd892f60) Importer(815301076,1909f56bfc062723c751e8b465ee728b)
Start importing Assets/runner asetler/Sprites/Settings Icon.png using Guid(627b93d54894e0349999ffedbd892f60) Importer(815301076,1909f56bfc062723c751e8b465ee728b)  -> (artifact id: 'a463cd08f8add18c0cda6a0620ea1f24') in 0.019878 seconds 
  Import took 0.024157 seconds .

========================================================================
Received Import Request.
  Time since last request: 0.000180 seconds.
  path: Assets/runner asetler/Sprites/Bubble.png
  artifactKey: Guid(f98d77100d2906e47abd21a53590ffdd) Importer(815301076,1909f56bfc062723c751e8b465ee728b)
Start importing Assets/runner asetler/Sprites/Bubble.png using Guid(f98d77100d2906e47abd21a53590ffdd) Importer(815301076,1909f56bfc062723c751e8b465ee728b)  -> (artifact id: '380ebe44d70af5240a579adb633a55e6') in 0.025442 seconds 
  Import took 0.029801 seconds .

========================================================================
Received Import Request.
  Time since last request: 0.000149 seconds.
  path: Assets/runner asetler/Sprites/Finish Line.png
  artifactKey: Guid(a6ba5d867650a9244a6a107281a9f88a) Importer(815301076,1909f56bfc062723c751e8b465ee728b)
Start importing Assets/runner asetler/Sprites/Finish Line.png using Guid(a6ba5d867650a9244a6a107281a9f88a) Importer(815301076,1909f56bfc062723c751e8b465ee728b)  -> (artifact id: '69380b996fa96c15805720612da017b0') in 0.013037 seconds 
  Import took 0.017305 seconds .

========================================================================
Received Import Request.
  Time since last request: 0.000175 seconds.
  path: Assets/runner asetler/Sprites/Vertical Gradient.png
  artifactKey: Guid(294f09e9a5a14a14cac4bbec78b0d026) Importer(815301076,1909f56bfc062723c751e8b465ee728b)
Start importing Assets/runner asetler/Sprites/Vertical Gradient.png using Guid(294f09e9a5a14a14cac4bbec78b0d026) Importer(815301076,1909f56bfc062723c751e8b465ee728b)  -> (artifact id: '038035ea7348b3da2535827c583aa51c') in 0.016888 seconds 
  Import took 0.021031 seconds .

========================================================================
Received Import Request.
  Time since last request: 0.000301 seconds.
  path: Assets/runner asetler/Sprites/Rounded Container.png
  artifactKey: Guid(f6d9eae3315a17847861c38b63fad670) Importer(815301076,1909f56bfc062723c751e8b465ee728b)
Start importing Assets/runner asetler/Sprites/Rounded Container.png using Guid(f6d9eae3315a17847861c38b63fad670) Importer(815301076,1909f56bfc062723c751e8b465ee728b)  -> (artifact id: 'e69ba18b55d2be7aada9ddac5b2b633c') in 0.021787 seconds 
  Import took 0.026007 seconds .

========================================================================
Received Import Request.
  Time since last request: 0.000149 seconds.
  path: Assets/runner asetler/Sprites/Circle.png
  artifactKey: Guid(686c08c101f9f0d4c8b0d01514308994) Importer(815301076,1909f56bfc062723c751e8b465ee728b)
Start importing Assets/runner asetler/Sprites/Circle.png using Guid(686c08c101f9f0d4c8b0d01514308994) Importer(815301076,1909f56bfc062723c751e8b465ee728b)  -> (artifact id: '8c29eed61b51a2c8a7d8364847ffa2cb') in 0.013103 seconds 
  Import took 0.017766 seconds .

========================================================================
Received Import Request.
  Time since last request: 0.000175 seconds.
  path: Assets/runner asetler/Sprites/Options_Off.png
  artifactKey: Guid(f50449dca10d58c45908e07feb60664d) Importer(815301076,1909f56bfc062723c751e8b465ee728b)
Start importing Assets/runner asetler/Sprites/Options_Off.png using Guid(f50449dca10d58c45908e07feb60664d) Importer(815301076,1909f56bfc062723c751e8b465ee728b)  -> (artifact id: '68657718fc79594b3900e78fe712d2f0') in 0.025065 seconds 
  Import took 0.029652 seconds .

========================================================================
Received Import Request.
  Time since last request: 11.725193 seconds.
  path: Assets/runner asetler/freesptler
  artifactKey: Guid(770490537a557174d87860bf16b09184) Importer(815301076,1909f56bfc062723c751e8b465ee728b)
Start importing Assets/runner asetler/freesptler using Guid(770490537a557174d87860bf16b09184) Importer(815301076,1909f56bfc062723c751e8b465ee728b)  -> (artifact id: 'c31b17f768397731b3f4f54ac8ec03c6') in 0.004973 seconds 
  Import took 0.009079 seconds .

========================================================================
Received Import Request.
  Time since last request: 2.980462 seconds.
  path: Assets/runner asetler/Materials
  artifactKey: Guid(d0234ba368eeec9418390da711bfdad0) Importer(815301076,1909f56bfc062723c751e8b465ee728b)
Start importing Assets/runner asetler/Materials using Guid(d0234ba368eeec9418390da711bfdad0) Importer(815301076,1909f56bfc062723c751e8b465ee728b)  -> (artifact id: 'dd1fccef896d48891410691dfde716e5') in 0.005754 seconds 
  Import took 0.009820 seconds .

========================================================================
Received Import Request.
  Time since last request: 6.134628 seconds.
  path: Assets/runner asetler/matertyal
  artifactKey: Guid(d0234ba368eeec9418390da711bfdad0) Importer(815301076,1909f56bfc062723c751e8b465ee728b)
Start importing Assets/runner asetler/matertyal using Guid(d0234ba368eeec9418390da711bfdad0) Importer(815301076,1909f56bfc062723c751e8b465ee728b)  -> (artifact id: '478e1e9419adcb64ae930e8714ac2c1e') in 0.005072 seconds 
  Import took 0.009756 seconds .

========================================================================
Received Import Request.
  Time since last request: 0.654517 seconds.
  path: Assets/runner asetler/matertyal/Coin.mat
  artifactKey: Guid(5afa266a9b90cee498e47e3197e96dbd) Importer(815301076,1909f56bfc062723c751e8b465ee728b)
Start importing Assets/runner asetler/matertyal/Coin.mat using Guid(5afa266a9b90cee498e47e3197e96dbd) Importer(815301076,1909f56bfc062723c751e8b465ee728b)  -> (artifact id: '7dc5a84cb2eda0e7d130b7bfdb89be04') in 0.093975 seconds 
  Import took 0.098608 seconds .

========================================================================
Received Import Request.
  Time since last request: 0.000405 seconds.
  path: Assets/runner asetler/matertyal/Enemy.mat
  artifactKey: Guid(425cdcac1a76c574d9d59c314a44ca7b) Importer(815301076,1909f56bfc062723c751e8b465ee728b)
Start importing Assets/runner asetler/matertyal/Enemy.mat using Guid(425cdcac1a76c574d9d59c314a44ca7b) Importer(815301076,1909f56bfc062723c751e8b465ee728b)  -> (artifact id: '7355a55973c49cbaa9fdd63fe37b00e8') in 0.014402 seconds 
  Import took 0.018638 seconds .

========================================================================
Received Import Request.
  Time since last request: 0.000238 seconds.
  path: Assets/runner asetler/matertyal/Runner.mat
  artifactKey: Guid(1dc06913433cdfb4988f93cf8dcfd408) Importer(815301076,1909f56bfc062723c751e8b465ee728b)
Start importing Assets/runner asetler/matertyal/Runner.mat using Guid(1dc06913433cdfb4988f93cf8dcfd408) Importer(815301076,1909f56bfc062723c751e8b465ee728b)  -> (artifact id: '02d622c648a8cd05b72621267bca8eac') in 0.015100 seconds 
  Import took 0.019659 seconds .

========================================================================
Received Import Request.
  Time since last request: 0.000191 seconds.
  path: Assets/runner asetler/matertyal/Skybox_Mat.mat
  artifactKey: Guid(0ffaa0b7117ba8c47a9d05ae701d4b4d) Importer(815301076,1909f56bfc062723c751e8b465ee728b)
Start importing Assets/runner asetler/matertyal/Skybox_Mat.mat using Guid(0ffaa0b7117ba8c47a9d05ae701d4b4d) Importer(815301076,1909f56bfc062723c751e8b465ee728b)  -> (artifact id: '4d54ab3375f41efad00566dcae11def2') in 0.014403 seconds 
  Import took 0.019006 seconds .

========================================================================
Received Import Request.
  Time since last request: 0.000286 seconds.
  path: Assets/runner asetler/matertyal/Ground.mat
  artifactKey: Guid(148ecb5ce0939934e8073805c7108732) Importer(815301076,1909f56bfc062723c751e8b465ee728b)
Start importing Assets/runner asetler/matertyal/Ground.mat using Guid(148ecb5ce0939934e8073805c7108732) Importer(815301076,1909f56bfc062723c751e8b465ee728b)  -> (artifact id: '26e8b25385c7064b9336eff36181e363') in 0.014430 seconds 
  Import took 0.018713 seconds .

========================================================================
Received Import Request.
  Time since last request: 0.000138 seconds.
  path: Assets/runner asetler/matertyal/Water.mat
  artifactKey: Guid(2cc7a0bdb10262c4383cb6566a0a22c9) Importer(815301076,1909f56bfc062723c751e8b465ee728b)
Start importing Assets/runner asetler/matertyal/Water.mat using Guid(2cc7a0bdb10262c4383cb6566a0a22c9) Importer(815301076,1909f56bfc062723c751e8b465ee728b)  -> (artifact id: 'a76d3d7b32662321f994c60bd4f741bb') in 0.013992 seconds 
  Import took 0.018550 seconds .

========================================================================
Received Import Request.
  Time since last request: 0.000170 seconds.
  path: Assets/runner asetler/matertyal/Finish Line.mat
  artifactKey: Guid(772e7f6929a0c2b4eae572e327968ccf) Importer(815301076,1909f56bfc062723c751e8b465ee728b)
Start importing Assets/runner asetler/matertyal/Finish Line.mat using Guid(772e7f6929a0c2b4eae572e327968ccf) Importer(815301076,1909f56bfc062723c751e8b465ee728b)  -> (artifact id: '8d0855113c0a9c2e860ed73ca05dfabf') in 0.014903 seconds 
  Import took 0.019449 seconds .

========================================================================
Received Prepare
Registering precompiled user dll's ...
Registered in 0.002268 seconds.
Begin MonoManager ReloadAssembly
Native extension for WindowsStandalone target not found
Refreshing native plugins compatible for Editor in 0.46 ms, found 2 plugins.
Preloading 0 native plugins for Editor in 0.00 ms.
Mono: successfully reloaded assembly
- Completed reload, in  0.741 seconds
Domain Reload Profiling:
	ReloadAssembly (741ms)
		BeginReloadAssembly (83ms)
			ExecutionOrderSort (0ms)
			DisableScriptedObjects (4ms)
			BackupInstance (0ms)
			ReleaseScriptingObjects (0ms)
			CreateAndSetChildDomain (29ms)
		EndReloadAssembly (616ms)
			LoadAssemblies (61ms)
			RebuildTransferFunctionScriptingTraits (0ms)
			SetupTypeCache (201ms)
			ReleaseScriptCaches (1ms)
			RebuildScriptCaches (30ms)
			SetupLoadedEditorAssemblies (222ms)
				LogAssemblyErrors (0ms)
				InitializePlatformSupportModulesInManaged (3ms)
				SetLoadedEditorAssemblies (0ms)
				RefreshPlugins (1ms)
				BeforeProcessingInitializeOnLoad (59ms)
				ProcessInitializeOnLoadAttributes (151ms)
				ProcessInitializeOnLoadMethodAttributes (3ms)
				AfterProcessingInitializeOnLoad (4ms)
				EditorAssembliesLoaded (0ms)
			ExecutionOrderSort2 (0ms)
			AwakeInstancesAfterBackupRestoration (14ms)
Platform modules already initialized, skipping
Refreshing native plugins compatible for Editor in 0.47 ms, found 2 plugins.
Preloading 0 native plugins for Editor in 0.00 ms.
Unloading 2794 Unused Serialized files (Serialized files now loaded: 0)
System memory in use before: 142.9 MB.
System memory in use after: 143.2 MB.

Unloading 13 unused Assets to reduce memory usage. Loaded Objects now: 3495.
Total: 2.962700 ms (FindLiveObjects: 0.202300 ms CreateObjectMapping: 0.056000 ms MarkObjects: 2.688200 ms  DeleteObjects: 0.015400 ms)

AssetImportParameters requested are different than current active one (requested -> active):
  custom:framework-win-MediaFoundation: 216162199b28c13a410421893ffa2e32 -> 
  custom:video-decoder-ogg-theora: a1e56fd34408186e4bbccfd4996cb3dc -> 
  custom:container-muxer-webm: aa71ff27fc2769a1b78a27578f13a17b -> 
  custom:container-demuxer-webm: 4f35f7cbe854078d1ac9338744f61a02 -> 
  custom:container-demuxer-ogg: 62fdf1f143b41e24485cea50d1cbac27 -> 
  custom:video-encoder-webm-vp8: eb34c28f22e8b96e1ab97ce403110664 -> 
  custom:video-decoder-webm-vp8: 9c59270c3fd7afecdb556c50c9e8de78 -> 
  custom:audio-decoder-ogg-vorbis: bf7c407c2cedff20999df2af8eb42d56 -> 
  custom:audio-encoder-webm-vorbis: bf7c407c2cedff20999df2af8eb42d56 -> 
========================================================================
Received Import Request.
  Time since last request: 88.401928 seconds.
  path: Assets/runner asetler/matertyal/para.mat
  artifactKey: Guid(5afa266a9b90cee498e47e3197e96dbd) Importer(815301076,1909f56bfc062723c751e8b465ee728b)
Start importing Assets/runner asetler/matertyal/para.mat using Guid(5afa266a9b90cee498e47e3197e96dbd) Importer(815301076,1909f56bfc062723c751e8b465ee728b)  -> (artifact id: '0541b9fc33c612f8d363900734942118') in 0.115945 seconds 
  Import took 0.119894 seconds .

========================================================================
Received Import Request.
  Time since last request: 2.691391 seconds.
  path: Assets/runner asetler/matertyal/dusman.mat
  artifactKey: Guid(425cdcac1a76c574d9d59c314a44ca7b) Importer(815301076,1909f56bfc062723c751e8b465ee728b)
Start importing Assets/runner asetler/matertyal/dusman.mat using Guid(425cdcac1a76c574d9d59c314a44ca7b) Importer(815301076,1909f56bfc062723c751e8b465ee728b)  -> (artifact id: '6a159fabb1a87ae8297dfcb3c41d58bd') in 0.011812 seconds 
  Import took 0.015825 seconds .

========================================================================
Received Import Request.
  Time since last request: 5.525337 seconds.
  path: Assets/runner asetler/matertyal/reçel.mat
  artifactKey: Guid(425cdcac1a76c574d9d59c314a44ca7b) Importer(815301076,1909f56bfc062723c751e8b465ee728b)
Start importing Assets/runner asetler/matertyal/reçel.mat using Guid(425cdcac1a76c574d9d59c314a44ca7b) Importer(815301076,1909f56bfc062723c751e8b465ee728b)  -> (artifact id: 'fcee124efa57dd262fceb1fb310b2143') in 0.015562 seconds 
  Import took 0.020083 seconds .

========================================================================
Received Import Request.
  Time since last request: 6.034408 seconds.
  path: Assets/runner asetler/matertyal/necmiler.mat
  artifactKey: Guid(1dc06913433cdfb4988f93cf8dcfd408) Importer(815301076,1909f56bfc062723c751e8b465ee728b)
Start importing Assets/runner asetler/matertyal/necmiler.mat using Guid(1dc06913433cdfb4988f93cf8dcfd408) Importer(815301076,1909f56bfc062723c751e8b465ee728b)  -> (artifact id: '83db3265f1aece89cfaeea3140fcdeba') in 0.012523 seconds 
  Import took 0.017066 seconds .

========================================================================
Received Import Request.
  Time since last request: 4.788914 seconds.
  path: Assets/runner asetler/matertyal/su.mat
  artifactKey: Guid(2cc7a0bdb10262c4383cb6566a0a22c9) Importer(815301076,1909f56bfc062723c751e8b465ee728b)
Start importing Assets/runner asetler/matertyal/su.mat using Guid(2cc7a0bdb10262c4383cb6566a0a22c9) Importer(815301076,1909f56bfc062723c751e8b465ee728b)  -> (artifact id: '019a2bfae38f10f09a01e6742729cba2') in 0.015947 seconds 
  Import took 0.020471 seconds .

========================================================================
Received Import Request.
  Time since last request: 48.040924 seconds.
  path: Assets/runner asetler/matertyal/Finish Line.mat
  artifactKey: Guid(772e7f6929a0c2b4eae572e327968ccf) Importer(815301076,1909f56bfc062723c751e8b465ee728b)
Start importing Assets/runner asetler/matertyal/Finish Line.mat using Guid(772e7f6929a0c2b4eae572e327968ccf) Importer(815301076,1909f56bfc062723c751e8b465ee728b)  -> (artifact id: 'fd18c15c05c4d67166e2d672163c7e25') in 0.016179 seconds 
  Import took 0.020589 seconds .

========================================================================
Received Import Request.
  Time since last request: 0.000179 seconds.
  path: Assets/runner asetler/matertyal/Skybox_Mat.mat
  artifactKey: Guid(0ffaa0b7117ba8c47a9d05ae701d4b4d) Importer(815301076,1909f56bfc062723c751e8b465ee728b)
Start importing Assets/runner asetler/matertyal/Skybox_Mat.mat using Guid(0ffaa0b7117ba8c47a9d05ae701d4b4d) Importer(815301076,1909f56bfc062723c751e8b465ee728b)  -> (artifact id: 'eae70b91b5bc2b7c8a271e9847a0c305') in 0.012302 seconds 
  Import took 0.016348 seconds .

========================================================================
Received Import Request.
  Time since last request: 0.000157 seconds.
  path: Assets/runner asetler/matertyal/Ground.mat
  artifactKey: Guid(148ecb5ce0939934e8073805c7108732) Importer(815301076,1909f56bfc062723c751e8b465ee728b)
Start importing Assets/runner asetler/matertyal/Ground.mat using Guid(148ecb5ce0939934e8073805c7108732) Importer(815301076,1909f56bfc062723c751e8b465ee728b)  -> (artifact id: '10ce55154d4594b834eae8d910eb00df') in 0.014300 seconds 
  Import took 0.018589 seconds .

========================================================================
Received Prepare
Registering precompiled user dll's ...
Registered in 0.002743 seconds.
Begin MonoManager ReloadAssembly
Native extension for WindowsStandalone target not found
Refreshing native plugins compatible for Editor in 0.48 ms, found 2 plugins.
Preloading 0 native plugins for Editor in 0.00 ms.
Mono: successfully reloaded assembly
- Completed reload, in  0.777 seconds
Domain Reload Profiling:
	ReloadAssembly (778ms)
		BeginReloadAssembly (93ms)
			ExecutionOrderSort (0ms)
			DisableScriptedObjects (5ms)
			BackupInstance (0ms)
			ReleaseScriptingObjects (0ms)
			CreateAndSetChildDomain (32ms)
		EndReloadAssembly (639ms)
			LoadAssemblies (65ms)
			RebuildTransferFunctionScriptingTraits (0ms)
			SetupTypeCache (210ms)
			ReleaseScriptCaches (2ms)
			RebuildScriptCaches (33ms)
			SetupLoadedEditorAssemblies (230ms)
				LogAssemblyErrors (0ms)
				InitializePlatformSupportModulesInManaged (4ms)
				SetLoadedEditorAssemblies (0ms)
				RefreshPlugins (1ms)
				BeforeProcessingInitializeOnLoad (62ms)
				ProcessInitializeOnLoadAttributes (155ms)
				ProcessInitializeOnLoadMethodAttributes (3ms)
				AfterProcessingInitializeOnLoad (4ms)
				EditorAssembliesLoaded (0ms)
			ExecutionOrderSort2 (0ms)
			AwakeInstancesAfterBackupRestoration (13ms)
Platform modules already initialized, skipping
Refreshing native plugins compatible for Editor in 0.49 ms, found 2 plugins.
Preloading 0 native plugins for Editor in 0.00 ms.
Unloading 2791 Unused Serialized files (Serialized files now loaded: 0)
System memory in use before: 143.0 MB.
System memory in use after: 143.2 MB.

Unloading 13 unused Assets to reduce memory usage. Loaded Objects now: 3533.
Total: 2.767000 ms (FindLiveObjects: 0.200300 ms CreateObjectMapping: 0.049100 ms MarkObjects: 2.481700 ms  DeleteObjects: 0.034100 ms)

AssetImportParameters requested are different than current active one (requested -> active):
  custom:framework-win-MediaFoundation: 216162199b28c13a410421893ffa2e32 -> 
  custom:video-decoder-ogg-theora: a1e56fd34408186e4bbccfd4996cb3dc -> 
  custom:container-muxer-webm: aa71ff27fc2769a1b78a27578f13a17b -> 
  custom:container-demuxer-webm: 4f35f7cbe854078d1ac9338744f61a02 -> 
  custom:container-demuxer-ogg: 62fdf1f143b41e24485cea50d1cbac27 -> 
  custom:video-encoder-webm-vp8: eb34c28f22e8b96e1ab97ce403110664 -> 
  custom:video-decoder-webm-vp8: 9c59270c3fd7afecdb556c50c9e8de78 -> 
  custom:audio-decoder-ogg-vorbis: bf7c407c2cedff20999df2af8eb42d56 -> 
  custom:audio-encoder-webm-vorbis: bf7c407c2cedff20999df2af8eb42d56 -> 
========================================================================
Received Import Request.
  Time since last request: 41.186622 seconds.
  path: Assets/runner asetler/Fonts/URBAN TRIBE.ttf
  artifactKey: Guid(1f041500f13557f4ea8b89d33c8662f0) Importer(815301076,1909f56bfc062723c751e8b465ee728b)
Start importing Assets/runner asetler/Fonts/URBAN TRIBE.ttf using Guid(1f041500f13557f4ea8b89d33c8662f0) Importer(815301076,1909f56bfc062723c751e8b465ee728b)  -> (artifact id: '0d7850b4b9b327361238368e9bf556ae') in 0.126014 seconds 
  Import took 0.130210 seconds .

========================================================================
Received Import Request.
  Time since last request: 0.000216 seconds.
  path: Assets/runner asetler/Fonts/URBANTRIBE DISTRESSED.ttf
  artifactKey: Guid(d71516ea588dede4db451c0be55d0041) Importer(815301076,1909f56bfc062723c751e8b465ee728b)
Start importing Assets/runner asetler/Fonts/URBANTRIBE DISTRESSED.ttf using Guid(d71516ea588dede4db451c0be55d0041) Importer(815301076,1909f56bfc062723c751e8b465ee728b)  -> (artifact id: 'b9401bcdd425ac96763757fedd34e515') in 0.018838 seconds 
  Import took 0.023037 seconds .

========================================================================
Received Import Request.
  Time since last request: 13.232521 seconds.
  path: Assets/runner asetler/Fonts/URBAN TRIBE SDF.asset
  artifactKey: Guid(651dc3d4245ec3a40b5e70ad12f5956a) Importer(815301076,1909f56bfc062723c751e8b465ee728b)
Start importing Assets/runner asetler/Fonts/URBAN TRIBE SDF.asset using Guid(651dc3d4245ec3a40b5e70ad12f5956a) Importer(815301076,1909f56bfc062723c751e8b465ee728b)  -> (artifact id: '0f8ef08d90b3526eaab51dd79cd42e96') in 0.033455 seconds 
  Import took 0.037973 seconds .

========================================================================
Received Prepare
Registering precompiled user dll's ...
Registered in 0.002136 seconds.
Begin MonoManager ReloadAssembly
Native extension for WindowsStandalone target not found
Refreshing native plugins compatible for Editor in 0.47 ms, found 2 plugins.
Preloading 0 native plugins for Editor in 0.00 ms.
Mono: successfully reloaded assembly
- Completed reload, in  0.729 seconds
Domain Reload Profiling:
	ReloadAssembly (729ms)
		BeginReloadAssembly (83ms)
			ExecutionOrderSort (0ms)
			DisableScriptedObjects (5ms)
			BackupInstance (0ms)
			ReleaseScriptingObjects (0ms)
			CreateAndSetChildDomain (30ms)
		EndReloadAssembly (602ms)
			LoadAssemblies (61ms)
			RebuildTransferFunctionScriptingTraits (0ms)
			SetupTypeCache (198ms)
			ReleaseScriptCaches (1ms)
			RebuildScriptCaches (30ms)
			SetupLoadedEditorAssemblies (217ms)
				LogAssemblyErrors (0ms)
				InitializePlatformSupportModulesInManaged (4ms)
				SetLoadedEditorAssemblies (0ms)
				RefreshPlugins (1ms)
				BeforeProcessingInitializeOnLoad (61ms)
				ProcessInitializeOnLoadAttributes (144ms)
				ProcessInitializeOnLoadMethodAttributes (3ms)
				AfterProcessingInitializeOnLoad (4ms)
				EditorAssembliesLoaded (0ms)
			ExecutionOrderSort2 (0ms)
			AwakeInstancesAfterBackupRestoration (13ms)
Platform modules already initialized, skipping
Refreshing native plugins compatible for Editor in 0.48 ms, found 2 plugins.
Preloading 0 native plugins for Editor in 0.00 ms.
Unloading 2791 Unused Serialized files (Serialized files now loaded: 0)
System memory in use before: 143.2 MB.
System memory in use after: 143.4 MB.

Unloading 13 unused Assets to reduce memory usage. Loaded Objects now: 3572.
Total: 2.640200 ms (FindLiveObjects: 0.201200 ms CreateObjectMapping: 0.055200 ms MarkObjects: 2.368200 ms  DeleteObjects: 0.014900 ms)

AssetImportParameters requested are different than current active one (requested -> active):
  custom:framework-win-MediaFoundation: 216162199b28c13a410421893ffa2e32 -> 
  custom:video-decoder-ogg-theora: a1e56fd34408186e4bbccfd4996cb3dc -> 
  custom:container-muxer-webm: aa71ff27fc2769a1b78a27578f13a17b -> 
  custom:container-demuxer-webm: 4f35f7cbe854078d1ac9338744f61a02 -> 
  custom:container-demuxer-ogg: 62fdf1f143b41e24485cea50d1cbac27 -> 
  custom:video-encoder-webm-vp8: eb34c28f22e8b96e1ab97ce403110664 -> 
  custom:video-decoder-webm-vp8: 9c59270c3fd7afecdb556c50c9e8de78 -> 
  custom:audio-decoder-ogg-vorbis: bf7c407c2cedff20999df2af8eb42d56 -> 
  custom:audio-encoder-webm-vorbis: bf7c407c2cedff20999df2af8eb42d56 -> 
========================================================================
Received Prepare
Registering precompiled user dll's ...
Registered in 0.002523 seconds.
Begin MonoManager ReloadAssembly
Native extension for WindowsStandalone target not found
Refreshing native plugins compatible for Editor in 0.49 ms, found 2 plugins.
Preloading 0 native plugins for Editor in 0.00 ms.
Mono: successfully reloaded assembly
- Completed reload, in  0.794 seconds
Domain Reload Profiling:
	ReloadAssembly (795ms)
		BeginReloadAssembly (98ms)
			ExecutionOrderSort (0ms)
			DisableScriptedObjects (4ms)
			BackupInstance (0ms)
			ReleaseScriptingObjects (0ms)
			CreateAndSetChildDomain (31ms)
		EndReloadAssembly (651ms)
			LoadAssemblies (65ms)
			RebuildTransferFunctionScriptingTraits (0ms)
			SetupTypeCache (208ms)
			ReleaseScriptCaches (1ms)
			RebuildScriptCaches (35ms)
			SetupLoadedEditorAssemblies (235ms)
				LogAssemblyErrors (0ms)
				InitializePlatformSupportModulesInManaged (4ms)
				SetLoadedEditorAssemblies (0ms)
				RefreshPlugins (1ms)
				BeforeProcessingInitializeOnLoad (68ms)
				ProcessInitializeOnLoadAttributes (155ms)
				ProcessInitializeOnLoadMethodAttributes (3ms)
				AfterProcessingInitializeOnLoad (5ms)
				EditorAssembliesLoaded (0ms)
			ExecutionOrderSort2 (0ms)
			AwakeInstancesAfterBackupRestoration (14ms)
Platform modules already initialized, skipping
Refreshing native plugins compatible for Editor in 0.49 ms, found 2 plugins.
Preloading 0 native plugins for Editor in 0.00 ms.
Unloading 2791 Unused Serialized files (Serialized files now loaded: 0)
System memory in use before: 143.2 MB.
System memory in use after: 143.4 MB.

Unloading 13 unused Assets to reduce memory usage. Loaded Objects now: 3574.
Total: 2.666900 ms (FindLiveObjects: 0.216900 ms CreateObjectMapping: 0.059900 ms MarkObjects: 2.372100 ms  DeleteObjects: 0.016800 ms)

AssetImportParameters requested are different than current active one (requested -> active):
  custom:framework-win-MediaFoundation: 216162199b28c13a410421893ffa2e32 -> 
  custom:video-decoder-ogg-theora: a1e56fd34408186e4bbccfd4996cb3dc -> 
  custom:container-muxer-webm: aa71ff27fc2769a1b78a27578f13a17b -> 
  custom:container-demuxer-webm: 4f35f7cbe854078d1ac9338744f61a02 -> 
  custom:container-demuxer-ogg: 62fdf1f143b41e24485cea50d1cbac27 -> 
  custom:video-encoder-webm-vp8: eb34c28f22e8b96e1ab97ce403110664 -> 
  custom:video-decoder-webm-vp8: 9c59270c3fd7afecdb556c50c9e8de78 -> 
  custom:audio-decoder-ogg-vorbis: bf7c407c2cedff20999df2af8eb42d56 -> 
  custom:audio-encoder-webm-vorbis: bf7c407c2cedff20999df2af8eb42d56 -> 
========================================================================
Received Prepare
Registering precompiled user dll's ...
Registered in 0.002217 seconds.
Begin MonoManager ReloadAssembly
Native extension for WindowsStandalone target not found
Refreshing native plugins compatible for Editor in 0.51 ms, found 2 plugins.
Preloading 0 native plugins for Editor in 0.00 ms.
Mono: successfully reloaded assembly
- Completed reload, in  0.747 seconds
Domain Reload Profiling:
	ReloadAssembly (747ms)
		BeginReloadAssembly (82ms)
			ExecutionOrderSort (0ms)
			DisableScriptedObjects (3ms)
			BackupInstance (0ms)
			ReleaseScriptingObjects (0ms)
			CreateAndSetChildDomain (26ms)
		EndReloadAssembly (624ms)
			LoadAssemblies (61ms)
			RebuildTransferFunctionScriptingTraits (0ms)
			SetupTypeCache (203ms)
			ReleaseScriptCaches (1ms)
			RebuildScriptCaches (31ms)
			SetupLoadedEditorAssemblies (227ms)
				LogAssemblyErrors (0ms)
				InitializePlatformSupportModulesInManaged (3ms)
				SetLoadedEditorAssemblies (0ms)
				RefreshPlugins (1ms)
				BeforeProcessingInitializeOnLoad (63ms)
				ProcessInitializeOnLoadAttributes (150ms)
				ProcessInitializeOnLoadMethodAttributes (4ms)
				AfterProcessingInitializeOnLoad (5ms)
				EditorAssembliesLoaded (0ms)
			ExecutionOrderSort2 (0ms)
			AwakeInstancesAfterBackupRestoration (13ms)
Platform modules already initialized, skipping
Refreshing native plugins compatible for Editor in 0.47 ms, found 2 plugins.
Preloading 0 native plugins for Editor in 0.00 ms.
Unloading 2791 Unused Serialized files (Serialized files now loaded: 0)
System memory in use before: 143.2 MB.
System memory in use after: 143.4 MB.

Unloading 13 unused Assets to reduce memory usage. Loaded Objects now: 3576.
Total: 2.741100 ms (FindLiveObjects: 0.198200 ms CreateObjectMapping: 0.055100 ms MarkObjects: 2.469200 ms  DeleteObjects: 0.017200 ms)

AssetImportParameters requested are different than current active one (requested -> active):
  custom:framework-win-MediaFoundation: 216162199b28c13a410421893ffa2e32 -> 
  custom:video-decoder-ogg-theora: a1e56fd34408186e4bbccfd4996cb3dc -> 
  custom:container-muxer-webm: aa71ff27fc2769a1b78a27578f13a17b -> 
  custom:container-demuxer-webm: 4f35f7cbe854078d1ac9338744f61a02 -> 
  custom:container-demuxer-ogg: 62fdf1f143b41e24485cea50d1cbac27 -> 
  custom:video-encoder-webm-vp8: eb34c28f22e8b96e1ab97ce403110664 -> 
  custom:video-decoder-webm-vp8: 9c59270c3fd7afecdb556c50c9e8de78 -> 
  custom:audio-decoder-ogg-vorbis: bf7c407c2cedff20999df2af8eb42d56 -> 
  custom:audio-encoder-webm-vorbis: bf7c407c2cedff20999df2af8eb42d56 -> 
========================================================================
Received Import Request.
  Time since last request: 1325.284343 seconds.
  path: Assets/TextMesh Pro/Resources/Fonts & Materials/LiberationSans SDF.asset
  artifactKey: Guid(8f586378b4e144a9851e7b34d9b748ee) Importer(815301076,1909f56bfc062723c751e8b465ee728b)
Start importing Assets/TextMesh Pro/Resources/Fonts & Materials/LiberationSans SDF.asset using Guid(8f586378b4e144a9851e7b34d9b748ee) Importer(815301076,1909f56bfc062723c751e8b465ee728b)  -> (artifact id: '1086c45db6b08dcccce6d79d94e9dad1') in 0.180955 seconds 
  Import took 0.186078 seconds .

========================================================================
Received Import Request.
  Time since last request: 0.000442 seconds.
  path: Assets/TextMesh Pro/Resources/Fonts & Materials/LiberationSans SDF - Fallback.asset
  artifactKey: Guid(2e498d1c8094910479dc3e1b768306a4) Importer(815301076,1909f56bfc062723c751e8b465ee728b)
Start importing Assets/TextMesh Pro/Resources/Fonts & Materials/LiberationSans SDF - Fallback.asset using Guid(2e498d1c8094910479dc3e1b768306a4) Importer(815301076,1909f56bfc062723c751e8b465ee728b)  -> (artifact id: '99bc742907ac7fb12ea8add2d3c32955') in 0.013109 seconds 
  Import took 0.017342 seconds .

========================================================================
Received Prepare
Registering precompiled user dll's ...
Registered in 0.002512 seconds.
Begin MonoManager ReloadAssembly
Native extension for WindowsStandalone target not found
Refreshing native plugins compatible for Editor in 0.48 ms, found 2 plugins.
Preloading 0 native plugins for Editor in 0.00 ms.
Mono: successfully reloaded assembly
- Completed reload, in  0.759 seconds
Domain Reload Profiling:
	ReloadAssembly (759ms)
		BeginReloadAssembly (84ms)
			ExecutionOrderSort (0ms)
			DisableScriptedObjects (5ms)
			BackupInstance (0ms)
			ReleaseScriptingObjects (0ms)
			CreateAndSetChildDomain (29ms)
		EndReloadAssembly (630ms)
			LoadAssemblies (63ms)
			RebuildTransferFunctionScriptingTraits (0ms)
			SetupTypeCache (201ms)
			ReleaseScriptCaches (1ms)
			RebuildScriptCaches (32ms)
			SetupLoadedEditorAssemblies (228ms)
				LogAssemblyErrors (0ms)
				InitializePlatformSupportModulesInManaged (4ms)
				SetLoadedEditorAssemblies (0ms)
				RefreshPlugins (1ms)
				BeforeProcessingInitializeOnLoad (66ms)
				ProcessInitializeOnLoadAttributes (150ms)
				ProcessInitializeOnLoadMethodAttributes (3ms)
				AfterProcessingInitializeOnLoad (5ms)
				EditorAssembliesLoaded (0ms)
			ExecutionOrderSort2 (0ms)
			AwakeInstancesAfterBackupRestoration (16ms)
Platform modules already initialized, skipping
Refreshing native plugins compatible for Editor in 0.48 ms, found 2 plugins.
Preloading 0 native plugins for Editor in 0.00 ms.
Unloading 2791 Unused Serialized files (Serialized files now loaded: 0)
System memory in use before: 143.3 MB.
System memory in use after: 143.5 MB.

Unloading 13 unused Assets to reduce memory usage. Loaded Objects now: 3615.
Total: 2.770300 ms (FindLiveObjects: 0.214500 ms CreateObjectMapping: 0.068300 ms MarkObjects: 2.453600 ms  DeleteObjects: 0.033000 ms)

AssetImportParameters requested are different than current active one (requested -> active):
  custom:framework-win-MediaFoundation: 216162199b28c13a410421893ffa2e32 -> 
  custom:video-decoder-ogg-theora: a1e56fd34408186e4bbccfd4996cb3dc -> 
  custom:container-muxer-webm: aa71ff27fc2769a1b78a27578f13a17b -> 
  custom:container-demuxer-webm: 4f35f7cbe854078d1ac9338744f61a02 -> 
  custom:container-demuxer-ogg: 62fdf1f143b41e24485cea50d1cbac27 -> 
  custom:video-encoder-webm-vp8: eb34c28f22e8b96e1ab97ce403110664 -> 
  custom:video-decoder-webm-vp8: 9c59270c3fd7afecdb556c50c9e8de78 -> 
  custom:audio-decoder-ogg-vorbis: bf7c407c2cedff20999df2af8eb42d56 -> 
  custom:audio-encoder-webm-vorbis: bf7c407c2cedff20999df2af8eb42d56 -> 
========================================================================
Received Prepare
Registering precompiled user dll's ...
Registered in 0.002350 seconds.
Begin MonoManager ReloadAssembly
Native extension for WindowsStandalone target not found
Refreshing native plugins compatible for Editor in 0.49 ms, found 2 plugins.
Preloading 0 native plugins for Editor in 0.00 ms.
Mono: successfully reloaded assembly
- Completed reload, in  0.726 seconds
Domain Reload Profiling:
	ReloadAssembly (726ms)
		BeginReloadAssembly (77ms)
			ExecutionOrderSort (0ms)
			DisableScriptedObjects (3ms)
			BackupInstance (0ms)
			ReleaseScriptingObjects (0ms)
			CreateAndSetChildDomain (26ms)
		EndReloadAssembly (606ms)
			LoadAssemblies (59ms)
			RebuildTransferFunctionScriptingTraits (0ms)
			SetupTypeCache (189ms)
			ReleaseScriptCaches (1ms)
			RebuildScriptCaches (31ms)
			SetupLoadedEditorAssemblies (227ms)
				LogAssemblyErrors (0ms)
				InitializePlatformSupportModulesInManaged (4ms)
				SetLoadedEditorAssemblies (0ms)
				RefreshPlugins (1ms)
				BeforeProcessingInitializeOnLoad (63ms)
				ProcessInitializeOnLoadAttributes (152ms)
				ProcessInitializeOnLoadMethodAttributes (3ms)
				AfterProcessingInitializeOnLoad (4ms)
				EditorAssembliesLoaded (0ms)
			ExecutionOrderSort2 (0ms)
			AwakeInstancesAfterBackupRestoration (14ms)
Platform modules already initialized, skipping
Refreshing native plugins compatible for Editor in 0.48 ms, found 2 plugins.
Preloading 0 native plugins for Editor in 0.00 ms.
Unloading 2791 Unused Serialized files (Serialized files now loaded: 0)
System memory in use before: 143.3 MB.
System memory in use after: 143.5 MB.

Unloading 13 unused Assets to reduce memory usage. Loaded Objects now: 3617.
Total: 2.691500 ms (FindLiveObjects: 0.196300 ms CreateObjectMapping: 0.062000 ms MarkObjects: 2.418500 ms  DeleteObjects: 0.014100 ms)

AssetImportParameters requested are different than current active one (requested -> active):
  custom:framework-win-MediaFoundation: 216162199b28c13a410421893ffa2e32 -> 
  custom:video-decoder-ogg-theora: a1e56fd34408186e4bbccfd4996cb3dc -> 
  custom:container-muxer-webm: aa71ff27fc2769a1b78a27578f13a17b -> 
  custom:container-demuxer-webm: 4f35f7cbe854078d1ac9338744f61a02 -> 
  custom:container-demuxer-ogg: 62fdf1f143b41e24485cea50d1cbac27 -> 
  custom:video-encoder-webm-vp8: eb34c28f22e8b96e1ab97ce403110664 -> 
  custom:video-decoder-webm-vp8: 9c59270c3fd7afecdb556c50c9e8de78 -> 
  custom:audio-decoder-ogg-vorbis: bf7c407c2cedff20999df2af8eb42d56 -> 
  custom:audio-encoder-webm-vorbis: bf7c407c2cedff20999df2af8eb42d56 -> 
========================================================================
Received Prepare
Registering precompiled user dll's ...
Registered in 0.002549 seconds.
Begin MonoManager ReloadAssembly
Native extension for WindowsStandalone target not found
Refreshing native plugins compatible for Editor in 0.46 ms, found 2 plugins.
Preloading 0 native plugins for Editor in 0.00 ms.
Mono: successfully reloaded assembly
- Completed reload, in  0.761 seconds
Domain Reload Profiling:
	ReloadAssembly (761ms)
		BeginReloadAssembly (89ms)
			ExecutionOrderSort (0ms)
			DisableScriptedObjects (3ms)
			BackupInstance (0ms)
			ReleaseScriptingObjects (0ms)
			CreateAndSetChildDomain (26ms)
		EndReloadAssembly (627ms)
			LoadAssemblies (63ms)
			RebuildTransferFunctionScriptingTraits (0ms)
			SetupTypeCache (200ms)
			ReleaseScriptCaches (1ms)
			RebuildScriptCaches (32ms)
			SetupLoadedEditorAssemblies (228ms)
				LogAssemblyErrors (0ms)
				InitializePlatformSupportModulesInManaged (3ms)
				SetLoadedEditorAssemblies (0ms)
				RefreshPlugins (1ms)
				BeforeProcessingInitializeOnLoad (64ms)
				ProcessInitializeOnLoadAttributes (151ms)
				ProcessInitializeOnLoadMethodAttributes (3ms)
				AfterProcessingInitializeOnLoad (5ms)
				EditorAssembliesLoaded (0ms)
			ExecutionOrderSort2 (0ms)
			AwakeInstancesAfterBackupRestoration (15ms)
Platform modules already initialized, skipping
Refreshing native plugins compatible for Editor in 0.47 ms, found 2 plugins.
Preloading 0 native plugins for Editor in 0.00 ms.
Unloading 2791 Unused Serialized files (Serialized files now loaded: 0)
System memory in use before: 143.3 MB.
System memory in use after: 143.6 MB.

Unloading 13 unused Assets to reduce memory usage. Loaded Objects now: 3619.
Total: 2.709300 ms (FindLiveObjects: 0.193800 ms CreateObjectMapping: 0.059700 ms MarkObjects: 2.438700 ms  DeleteObjects: 0.016300 ms)

AssetImportParameters requested are different than current active one (requested -> active):
  custom:framework-win-MediaFoundation: 216162199b28c13a410421893ffa2e32 -> 
  custom:video-decoder-ogg-theora: a1e56fd34408186e4bbccfd4996cb3dc -> 
  custom:container-muxer-webm: aa71ff27fc2769a1b78a27578f13a17b -> 
  custom:container-demuxer-webm: 4f35f7cbe854078d1ac9338744f61a02 -> 
  custom:container-demuxer-ogg: 62fdf1f143b41e24485cea50d1cbac27 -> 
  custom:video-encoder-webm-vp8: eb34c28f22e8b96e1ab97ce403110664 -> 
  custom:video-decoder-webm-vp8: 9c59270c3fd7afecdb556c50c9e8de78 -> 
  custom:audio-decoder-ogg-vorbis: bf7c407c2cedff20999df2af8eb42d56 -> 
  custom:audio-encoder-webm-vorbis: bf7c407c2cedff20999df2af8eb42d56 -> 
========================================================================
Received Import Request.
  Time since last request: 213.094333 seconds.
  path: Assets/Prefabs/Doors.prefab
  artifactKey: Guid(f3b4b9caede0de4428d415ac13569f10) Importer(815301076,1909f56bfc062723c751e8b465ee728b)
Start importing Assets/Prefabs/Doors.prefab using Guid(f3b4b9caede0de4428d415ac13569f10) Importer(815301076,1909f56bfc062723c751e8b465ee728b)  -> (artifact id: '8ea660d513f25552d1f719cd94d29f43') in 0.144787 seconds 
  Import took 0.149738 seconds .

========================================================================
Received Import Request.
  Time since last request: 2.801252 seconds.
  path: Assets/Prefabs/Chunks/Long Chunk 00.prefab
  artifactKey: Guid(2046685ef145ef746b075d6bed675e6c) Importer(815301076,1909f56bfc062723c751e8b465ee728b)
Start importing Assets/Prefabs/Chunks/Long Chunk 00.prefab using Guid(2046685ef145ef746b075d6bed675e6c) Importer(815301076,1909f56bfc062723c751e8b465ee728b)  -> (artifact id: '59625e2aefc04340510cd213229db377') in 0.013832 seconds 
  Import took 0.017847 seconds .

========================================================================
Received Import Request.
  Time since last request: 0.000226 seconds.
  path: Assets/Prefabs/Chunks/Short Chunk 01.prefab
  artifactKey: Guid(ae4eb9bd6b3f6d44bbaf68463bcd5f21) Importer(815301076,1909f56bfc062723c751e8b465ee728b)
Start importing Assets/Prefabs/Chunks/Short Chunk 01.prefab using Guid(ae4eb9bd6b3f6d44bbaf68463bcd5f21) Importer(815301076,1909f56bfc062723c751e8b465ee728b)  -> (artifact id: '86de540558e8896a997ffc85370b3b96') in 0.012602 seconds 
  Import took 0.017323 seconds .

========================================================================
Received Import Request.
  Time since last request: 0.000326 seconds.
  path: Assets/Prefabs/Chunks/Medium Chunk 00.prefab
  artifactKey: Guid(7269a8e16e8bfc04199920e148ce08ca) Importer(815301076,1909f56bfc062723c751e8b465ee728b)
Start importing Assets/Prefabs/Chunks/Medium Chunk 00.prefab using Guid(7269a8e16e8bfc04199920e148ce08ca) Importer(815301076,1909f56bfc062723c751e8b465ee728b)  -> (artifact id: '738a9fb25d3bf2674de93daffc5705a2') in 0.027135 seconds 
  Import took 0.031239 seconds .

========================================================================
Received Import Request.
  Time since last request: 0.000155 seconds.
  path: Assets/Prefabs/Chunks/Short Chunk 00.prefab
  artifactKey: Guid(6436b825c0e9a1644887d0dfdc04c62a) Importer(815301076,1909f56bfc062723c751e8b465ee728b)
Start importing Assets/Prefabs/Chunks/Short Chunk 00.prefab using Guid(6436b825c0e9a1644887d0dfdc04c62a) Importer(815301076,1909f56bfc062723c751e8b465ee728b)  -> (artifact id: '66973b54a6ea963272d9af7c0927f532') in 0.018937 seconds 
  Import took 0.023695 seconds .

========================================================================
Received Import Request.
  Time since last request: 20.753112 seconds.
  path: Assets/runner asetler/scp/Chunk.cs
  artifactKey: Guid(a1bd6c2ce8526fe40a9f9220830fce40) Importer(815301076,1909f56bfc062723c751e8b465ee728b)
Start importing Assets/runner asetler/scp/Chunk.cs using Guid(a1bd6c2ce8526fe40a9f9220830fce40) Importer(815301076,1909f56bfc062723c751e8b465ee728b)  -> (artifact id: '0e981a2e479efe8f1fe488a7311aa718') in 0.003446 seconds 
  Import took 0.007118 seconds .

========================================================================
Received Import Request.
  Time since last request: 1.660629 seconds.
  path: Assets/runner asetler/scp/ChunkManager.cs
  artifactKey: Guid(08dd19ac28f79e24da9f7820a8e179ff) Importer(815301076,1909f56bfc062723c751e8b465ee728b)
Start importing Assets/runner asetler/scp/ChunkManager.cs using Guid(08dd19ac28f79e24da9f7820a8e179ff) Importer(815301076,1909f56bfc062723c751e8b465ee728b)  -> (artifact id: '8f930de082e05af8546d47309b259aea') in 0.001665 seconds 
  Import took 0.005895 seconds .

========================================================================
Received Import Request.
  Time since last request: 0.822599 seconds.
  path: Assets/runner asetler/scp/CrowdCounter.cs
  artifactKey: Guid(1afb76b68d4936f46a3eeb1e0539c86d) Importer(815301076,1909f56bfc062723c751e8b465ee728b)
Start importing Assets/runner asetler/scp/CrowdCounter.cs using Guid(1afb76b68d4936f46a3eeb1e0539c86d) Importer(815301076,1909f56bfc062723c751e8b465ee728b)  -> (artifact id: 'c26c7b65df795a44f4200f5ea5dcf392') in 0.001702 seconds 
  Import took 0.005763 seconds .

========================================================================
Received Import Request.
  Time since last request: 2.286747 seconds.
  path: Assets/runner asetler/scp/Doors.cs
  artifactKey: Guid(e3209087ba4e3024585b22475cfcaf55) Importer(815301076,1909f56bfc062723c751e8b465ee728b)
Start importing Assets/runner asetler/scp/Doors.cs using Guid(e3209087ba4e3024585b22475cfcaf55) Importer(815301076,1909f56bfc062723c751e8b465ee728b)  -> (artifact id: 'ea5d68066a3f4bc7e8136bc893db58e7') in 0.001555 seconds 
  Import took 0.005491 seconds .

========================================================================
Received Prepare
Registering precompiled user dll's ...
Registered in 0.002394 seconds.
Begin MonoManager ReloadAssembly
Native extension for WindowsStandalone target not found
Refreshing native plugins compatible for Editor in 0.52 ms, found 2 plugins.
Preloading 0 native plugins for Editor in 0.00 ms.
Mono: successfully reloaded assembly
- Completed reload, in  0.705 seconds
Domain Reload Profiling:
	ReloadAssembly (705ms)
		BeginReloadAssembly (80ms)
			ExecutionOrderSort (0ms)
			DisableScriptedObjects (5ms)
			BackupInstance (0ms)
			ReleaseScriptingObjects (0ms)
			CreateAndSetChildDomain (29ms)
		EndReloadAssembly (586ms)
			LoadAssemblies (57ms)
			RebuildTransferFunctionScriptingTraits (0ms)
			SetupTypeCache (184ms)
			ReleaseScriptCaches (1ms)
			RebuildScriptCaches (29ms)
			SetupLoadedEditorAssemblies (215ms)
				LogAssemblyErrors (0ms)
				InitializePlatformSupportModulesInManaged (4ms)
				SetLoadedEditorAssemblies (0ms)
				RefreshPlugins (1ms)
				BeforeProcessingInitializeOnLoad (62ms)
				ProcessInitializeOnLoadAttributes (140ms)
				ProcessInitializeOnLoadMethodAttributes (3ms)
				AfterProcessingInitializeOnLoad (4ms)
				EditorAssembliesLoaded (0ms)
			ExecutionOrderSort2 (0ms)
			AwakeInstancesAfterBackupRestoration (14ms)
Platform modules already initialized, skipping
Refreshing native plugins compatible for Editor in 0.48 ms, found 2 plugins.
Preloading 0 native plugins for Editor in 0.00 ms.
Unloading 2791 Unused Serialized files (Serialized files now loaded: 0)
System memory in use before: 143.5 MB.
System memory in use after: 143.7 MB.

Unloading 13 unused Assets to reduce memory usage. Loaded Objects now: 3657.
Total: 3.056400 ms (FindLiveObjects: 0.243500 ms CreateObjectMapping: 0.057500 ms MarkObjects: 2.737500 ms  DeleteObjects: 0.016200 ms)

AssetImportParameters requested are different than current active one (requested -> active):
  custom:framework-win-MediaFoundation: 216162199b28c13a410421893ffa2e32 -> 
  custom:video-decoder-ogg-theora: a1e56fd34408186e4bbccfd4996cb3dc -> 
  custom:container-muxer-webm: aa71ff27fc2769a1b78a27578f13a17b -> 
  custom:container-demuxer-webm: 4f35f7cbe854078d1ac9338744f61a02 -> 
  custom:container-demuxer-ogg: 62fdf1f143b41e24485cea50d1cbac27 -> 
  custom:video-encoder-webm-vp8: eb34c28f22e8b96e1ab97ce403110664 -> 
  custom:video-decoder-webm-vp8: 9c59270c3fd7afecdb556c50c9e8de78 -> 
  custom:audio-decoder-ogg-vorbis: bf7c407c2cedff20999df2af8eb42d56 -> 
  custom:audio-encoder-webm-vorbis: bf7c407c2cedff20999df2af8eb42d56 -> 
========================================================================
Received Import Request.
  Time since last request: 27.073095 seconds.
  path: Assets/runner asetler/scp/Enemy.cs
  artifactKey: Guid(dbb256863562ee243bbbfaa6b3053a7d) Importer(815301076,1909f56bfc062723c751e8b465ee728b)
Start importing Assets/runner asetler/scp/Enemy.cs using Guid(dbb256863562ee243bbbfaa6b3053a7d) Importer(815301076,1909f56bfc062723c751e8b465ee728b)  -> (artifact id: '9868d72fe745e3fffeba7f2f61ab8ba2') in 0.004755 seconds 
  Import took 0.008464 seconds .

========================================================================
Received Import Request.
  Time since last request: 0.000132 seconds.
  path: Assets/runner asetler/scp/kapı.cs
  artifactKey: Guid(e3209087ba4e3024585b22475cfcaf55) Importer(815301076,1909f56bfc062723c751e8b465ee728b)
Start importing Assets/runner asetler/scp/kapı.cs using Guid(e3209087ba4e3024585b22475cfcaf55) Importer(815301076,1909f56bfc062723c751e8b465ee728b)  -> (artifact id: '5754946fead67cdda9912fc05f09dbb5') in 0.001386 seconds 
  Import took 0.004884 seconds .

========================================================================
Received Import Request.
  Time since last request: 4.463409 seconds.
  path: Assets/runner asetler/scp/düşm.cs
  artifactKey: Guid(dbb256863562ee243bbbfaa6b3053a7d) Importer(815301076,1909f56bfc062723c751e8b465ee728b)
Start importing Assets/runner asetler/scp/düşm.cs using Guid(dbb256863562ee243bbbfaa6b3053a7d) Importer(815301076,1909f56bfc062723c751e8b465ee728b)  -> (artifact id: '53d00e140e9c7f1ac74f685d671e35f1') in 0.001517 seconds 
  Import took 0.005621 seconds .

========================================================================
Received Prepare
Registering precompiled user dll's ...
Registered in 0.002214 seconds.
Begin MonoManager ReloadAssembly
Native extension for WindowsStandalone target not found
Refreshing native plugins compatible for Editor in 1.26 ms, found 2 plugins.
Preloading 0 native plugins for Editor in 0.00 ms.
Mono: successfully reloaded assembly
- Completed reload, in  0.860 seconds
Domain Reload Profiling:
	ReloadAssembly (860ms)
		BeginReloadAssembly (88ms)
			ExecutionOrderSort (0ms)
			DisableScriptedObjects (3ms)
			BackupInstance (0ms)
			ReleaseScriptingObjects (0ms)
			CreateAndSetChildDomain (26ms)
		EndReloadAssembly (728ms)
			LoadAssemblies (63ms)
			RebuildTransferFunctionScriptingTraits (0ms)
			SetupTypeCache (276ms)
			ReleaseScriptCaches (2ms)
			RebuildScriptCaches (32ms)
			SetupLoadedEditorAssemblies (236ms)
				LogAssemblyErrors (0ms)
				InitializePlatformSupportModulesInManaged (4ms)
				SetLoadedEditorAssemblies (2ms)
				RefreshPlugins (1ms)
				BeforeProcessingInitializeOnLoad (70ms)
				ProcessInitializeOnLoadAttributes (150ms)
				ProcessInitializeOnLoadMethodAttributes (3ms)
				AfterProcessingInitializeOnLoad (5ms)
				EditorAssembliesLoaded (0ms)
			ExecutionOrderSort2 (0ms)
			AwakeInstancesAfterBackupRestoration (17ms)
Platform modules already initialized, skipping
Refreshing native plugins compatible for Editor in 0.53 ms, found 2 plugins.
Preloading 0 native plugins for Editor in 0.00 ms.
Unloading 2791 Unused Serialized files (Serialized files now loaded: 0)
System memory in use before: 143.5 MB.
System memory in use after: 143.7 MB.

Unloading 13 unused Assets to reduce memory usage. Loaded Objects now: 3659.
Total: 3.763500 ms (FindLiveObjects: 0.668600 ms CreateObjectMapping: 0.090300 ms MarkObjects: 2.979900 ms  DeleteObjects: 0.020100 ms)

AssetImportParameters requested are different than current active one (requested -> active):
  custom:framework-win-MediaFoundation: 216162199b28c13a410421893ffa2e32 -> 
  custom:video-decoder-ogg-theora: a1e56fd34408186e4bbccfd4996cb3dc -> 
  custom:container-muxer-webm: aa71ff27fc2769a1b78a27578f13a17b -> 
  custom:container-demuxer-webm: 4f35f7cbe854078d1ac9338744f61a02 -> 
  custom:container-demuxer-ogg: 62fdf1f143b41e24485cea50d1cbac27 -> 
  custom:video-encoder-webm-vp8: eb34c28f22e8b96e1ab97ce403110664 -> 
  custom:video-decoder-webm-vp8: 9c59270c3fd7afecdb556c50c9e8de78 -> 
  custom:audio-decoder-ogg-vorbis: bf7c407c2cedff20999df2af8eb42d56 -> 
  custom:audio-encoder-webm-vorbis: bf7c407c2cedff20999df2af8eb42d56 -> 
========================================================================
Received Prepare
Registering precompiled user dll's ...
Registered in 0.002443 seconds.
Begin MonoManager ReloadAssembly
Native extension for WindowsStandalone target not found
Refreshing native plugins compatible for Editor in 0.75 ms, found 2 plugins.
Preloading 0 native plugins for Editor in 0.00 ms.
Mono: successfully reloaded assembly
- Completed reload, in  0.869 seconds
Domain Reload Profiling:
	ReloadAssembly (870ms)
		BeginReloadAssembly (82ms)
			ExecutionOrderSort (0ms)
			DisableScriptedObjects (3ms)
			BackupInstance (0ms)
			ReleaseScriptingObjects (0ms)
			CreateAndSetChildDomain (25ms)
		EndReloadAssembly (741ms)
			LoadAssemblies (62ms)
			RebuildTransferFunctionScriptingTraits (0ms)
			SetupTypeCache (204ms)
			ReleaseScriptCaches (1ms)
			RebuildScriptCaches (38ms)
			SetupLoadedEditorAssemblies (287ms)
				LogAssemblyErrors (0ms)
				InitializePlatformSupportModulesInManaged (4ms)
				SetLoadedEditorAssemblies (0ms)
				RefreshPlugins (1ms)
				BeforeProcessingInitializeOnLoad (102ms)
				ProcessInitializeOnLoadAttributes (172ms)
				ProcessInitializeOnLoadMethodAttributes (3ms)
				AfterProcessingInitializeOnLoad (5ms)
				EditorAssembliesLoaded (0ms)
			ExecutionOrderSort2 (0ms)
			AwakeInstancesAfterBackupRestoration (15ms)
Platform modules already initialized, skipping
Refreshing native plugins compatible for Editor in 0.49 ms, found 2 plugins.
Preloading 0 native plugins for Editor in 0.00 ms.
Unloading 2791 Unused Serialized files (Serialized files now loaded: 0)
System memory in use before: 143.5 MB.
System memory in use after: 143.7 MB.

Unloading 13 unused Assets to reduce memory usage. Loaded Objects now: 3661.
Total: 3.957200 ms (FindLiveObjects: 0.640100 ms CreateObjectMapping: 0.180600 ms MarkObjects: 3.106700 ms  DeleteObjects: 0.027900 ms)

AssetImportParameters requested are different than current active one (requested -> active):
  custom:framework-win-MediaFoundation: 216162199b28c13a410421893ffa2e32 -> 
  custom:video-decoder-ogg-theora: a1e56fd34408186e4bbccfd4996cb3dc -> 
  custom:container-muxer-webm: aa71ff27fc2769a1b78a27578f13a17b -> 
  custom:container-demuxer-webm: 4f35f7cbe854078d1ac9338744f61a02 -> 
  custom:container-demuxer-ogg: 62fdf1f143b41e24485cea50d1cbac27 -> 
  custom:video-encoder-webm-vp8: eb34c28f22e8b96e1ab97ce403110664 -> 
  custom:video-decoder-webm-vp8: 9c59270c3fd7afecdb556c50c9e8de78 -> 
  custom:audio-decoder-ogg-vorbis: bf7c407c2cedff20999df2af8eb42d56 -> 
  custom:audio-encoder-webm-vorbis: bf7c407c2cedff20999df2af8eb42d56 -> 
========================================================================
Received Prepare
Registering precompiled user dll's ...
Registered in 0.002376 seconds.
Begin MonoManager ReloadAssembly
Native extension for WindowsStandalone target not found
Refreshing native plugins compatible for Editor in 0.46 ms, found 2 plugins.
Preloading 0 native plugins for Editor in 0.00 ms.
Mono: successfully reloaded assembly
- Completed reload, in  0.766 seconds
Domain Reload Profiling:
	ReloadAssembly (767ms)
		BeginReloadAssembly (80ms)
			ExecutionOrderSort (0ms)
			DisableScriptedObjects (3ms)
			BackupInstance (0ms)
			ReleaseScriptingObjects (0ms)
			CreateAndSetChildDomain (26ms)
		EndReloadAssembly (639ms)
			LoadAssemblies (64ms)
			RebuildTransferFunctionScriptingTraits (0ms)
			SetupTypeCache (214ms)
			ReleaseScriptCaches (1ms)
			RebuildScriptCaches (35ms)
			SetupLoadedEditorAssemblies (220ms)
				LogAssemblyErrors (0ms)
				InitializePlatformSupportModulesInManaged (3ms)
				SetLoadedEditorAssemblies (0ms)
				RefreshPlugins (1ms)
				BeforeProcessingInitializeOnLoad (63ms)
				ProcessInitializeOnLoadAttributes (145ms)
				ProcessInitializeOnLoadMethodAttributes (3ms)
				AfterProcessingInitializeOnLoad (4ms)
				EditorAssembliesLoaded (0ms)
			ExecutionOrderSort2 (0ms)
			AwakeInstancesAfterBackupRestoration (16ms)
Platform modules already initialized, skipping
Refreshing native plugins compatible for Editor in 0.49 ms, found 2 plugins.
Preloading 0 native plugins for Editor in 0.00 ms.
Unloading 2791 Unused Serialized files (Serialized files now loaded: 0)
System memory in use before: 143.5 MB.
System memory in use after: 143.7 MB.

Unloading 13 unused Assets to reduce memory usage. Loaded Objects now: 3663.
Total: 2.858300 ms (FindLiveObjects: 0.199900 ms CreateObjectMapping: 0.061600 ms MarkObjects: 2.581600 ms  DeleteObjects: 0.014400 ms)

AssetImportParameters requested are different than current active one (requested -> active):
  custom:framework-win-MediaFoundation: 216162199b28c13a410421893ffa2e32 -> 
  custom:video-decoder-ogg-theora: a1e56fd34408186e4bbccfd4996cb3dc -> 
  custom:container-muxer-webm: aa71ff27fc2769a1b78a27578f13a17b -> 
  custom:container-demuxer-webm: 4f35f7cbe854078d1ac9338744f61a02 -> 
  custom:container-demuxer-ogg: 62fdf1f143b41e24485cea50d1cbac27 -> 
  custom:video-encoder-webm-vp8: eb34c28f22e8b96e1ab97ce403110664 -> 
  custom:video-decoder-webm-vp8: 9c59270c3fd7afecdb556c50c9e8de78 -> 
  custom:audio-decoder-ogg-vorbis: bf7c407c2cedff20999df2af8eb42d56 -> 
  custom:audio-encoder-webm-vorbis: bf7c407c2cedff20999df2af8eb42d56 -> 
========================================================================
Received Import Request.
  Time since last request: 22.933584 seconds.
  path: Assets/runner asetler/scp/VibrationManager.cs
  artifactKey: Guid(6cf10964950058b42966774084213cc2) Importer(815301076,1909f56bfc062723c751e8b465ee728b)
Start importing Assets/runner asetler/scp/VibrationManager.cs using Guid(6cf10964950058b42966774084213cc2) Importer(815301076,1909f56bfc062723c751e8b465ee728b)  -> (artifact id: 'c922236b1049f2fe74f1a23a41db6fcf') in 0.004981 seconds 
  Import took 0.009763 seconds .

AssetImportWorkerClient::OnTransportError - code=2 error=End of file
